<?xml version="1.0" encoding="UTF-8"?>
<testsuite xmlns:xsi="http://www.w3.org/2001/XMLSchema-instance" xsi:noNamespaceSchemaLocation="https://maven.apache.org/surefire/maven-surefire-plugin/xsd/surefire-test-report-3.0.xsd" version="3.0" name="com.kanggara.budgetin.controllers.AddressControllerTest" time="3.273" tests="11" errors="0" skipped="0" failures="0">
  <properties>
    <property name="java.specification.version" value="21"/>
    <property name="sun.jnu.encoding" value="UTF-8"/>
    <property name="java.class.path" value="/Users/k/work/Bugdetind/API/target/test-classes:/Users/k/work/Bugdetind/API/target/classes:/Users/k/.m2/repository/org/springframework/boot/spring-boot-starter-actuator/3.2.3/spring-boot-starter-actuator-3.2.3.jar:/Users/k/.m2/repository/org/springframework/boot/spring-boot-starter/3.2.3/spring-boot-starter-3.2.3.jar:/Users/k/.m2/repository/org/springframework/boot/spring-boot-starter-logging/3.2.3/spring-boot-starter-logging-3.2.3.jar:/Users/k/.m2/repository/org/apache/logging/log4j/log4j-to-slf4j/2.21.1/log4j-to-slf4j-2.21.1.jar:/Users/k/.m2/repository/org/apache/logging/log4j/log4j-api/2.21.1/log4j-api-2.21.1.jar:/Users/k/.m2/repository/org/slf4j/jul-to-slf4j/2.0.12/jul-to-slf4j-2.0.12.jar:/Users/k/.m2/repository/org/yaml/snakeyaml/2.2/snakeyaml-2.2.jar:/Users/k/.m2/repository/org/springframework/boot/spring-boot-actuator-autoconfigure/3.2.3/spring-boot-actuator-autoconfigure-3.2.3.jar:/Users/k/.m2/repository/org/springframework/boot/spring-boot-actuator/3.2.3/spring-boot-actuator-3.2.3.jar:/Users/k/.m2/repository/com/fasterxml/jackson/core/jackson-databind/2.15.4/jackson-databind-2.15.4.jar:/Users/k/.m2/repository/com/fasterxml/jackson/core/jackson-annotations/2.15.4/jackson-annotations-2.15.4.jar:/Users/k/.m2/repository/com/fasterxml/jackson/core/jackson-core/2.15.4/jackson-core-2.15.4.jar:/Users/k/.m2/repository/com/fasterxml/jackson/datatype/jackson-datatype-jsr310/2.15.4/jackson-datatype-jsr310-2.15.4.jar:/Users/k/.m2/repository/io/micrometer/micrometer-observation/1.12.3/micrometer-observation-1.12.3.jar:/Users/k/.m2/repository/io/micrometer/micrometer-commons/1.12.3/micrometer-commons-1.12.3.jar:/Users/k/.m2/repository/io/micrometer/micrometer-jakarta9/1.12.3/micrometer-jakarta9-1.12.3.jar:/Users/k/.m2/repository/io/micrometer/micrometer-core/1.12.3/micrometer-core-1.12.3.jar:/Users/k/.m2/repository/org/hdrhistogram/HdrHistogram/2.1.12/HdrHistogram-2.1.12.jar:/Users/k/.m2/repository/org/latencyutils/LatencyUtils/2.0.3/LatencyUtils-2.0.3.jar:/Users/k/.m2/repository/org/springframework/boot/spring-boot-starter-web/3.2.3/spring-boot-starter-web-3.2.3.jar:/Users/k/.m2/repository/org/springframework/boot/spring-boot-starter-json/3.2.3/spring-boot-starter-json-3.2.3.jar:/Users/k/.m2/repository/com/fasterxml/jackson/datatype/jackson-datatype-jdk8/2.15.4/jackson-datatype-jdk8-2.15.4.jar:/Users/k/.m2/repository/com/fasterxml/jackson/module/jackson-module-parameter-names/2.15.4/jackson-module-parameter-names-2.15.4.jar:/Users/k/.m2/repository/org/springframework/spring-web/6.1.4/spring-web-6.1.4.jar:/Users/k/.m2/repository/org/springframework/spring-beans/6.1.4/spring-beans-6.1.4.jar:/Users/k/.m2/repository/org/springframework/spring-webmvc/6.1.4/spring-webmvc-6.1.4.jar:/Users/k/.m2/repository/org/springframework/spring-aop/6.1.4/spring-aop-6.1.4.jar:/Users/k/.m2/repository/org/springframework/spring-context/6.1.4/spring-context-6.1.4.jar:/Users/k/.m2/repository/org/springframework/spring-expression/6.1.4/spring-expression-6.1.4.jar:/Users/k/.m2/repository/org/springframework/boot/spring-boot-devtools/3.2.3/spring-boot-devtools-3.2.3.jar:/Users/k/.m2/repository/org/springframework/boot/spring-boot/3.2.3/spring-boot-3.2.3.jar:/Users/k/.m2/repository/org/springframework/boot/spring-boot-autoconfigure/3.2.3/spring-boot-autoconfigure-3.2.3.jar:/Users/k/.m2/repository/org/projectlombok/lombok/1.18.30/lombok-1.18.30.jar:/Users/k/.m2/repository/org/springframework/boot/spring-boot-starter-tomcat/3.2.3/spring-boot-starter-tomcat-3.2.3.jar:/Users/k/.m2/repository/jakarta/annotation/jakarta.annotation-api/2.1.1/jakarta.annotation-api-2.1.1.jar:/Users/k/.m2/repository/org/apache/tomcat/embed/tomcat-embed-core/10.1.19/tomcat-embed-core-10.1.19.jar:/Users/k/.m2/repository/org/apache/tomcat/embed/tomcat-embed-el/10.1.19/tomcat-embed-el-10.1.19.jar:/Users/k/.m2/repository/org/apache/tomcat/embed/tomcat-embed-websocket/10.1.19/tomcat-embed-websocket-10.1.19.jar:/Users/k/.m2/repository/org/springframework/boot/spring-boot-starter-test/3.2.3/spring-boot-starter-test-3.2.3.jar:/Users/k/.m2/repository/org/springframework/boot/spring-boot-test/3.2.3/spring-boot-test-3.2.3.jar:/Users/k/.m2/repository/org/springframework/boot/spring-boot-test-autoconfigure/3.2.3/spring-boot-test-autoconfigure-3.2.3.jar:/Users/k/.m2/repository/com/jayway/jsonpath/json-path/2.9.0/json-path-2.9.0.jar:/Users/k/.m2/repository/jakarta/xml/bind/jakarta.xml.bind-api/4.0.1/jakarta.xml.bind-api-4.0.1.jar:/Users/k/.m2/repository/jakarta/activation/jakarta.activation-api/2.1.2/jakarta.activation-api-2.1.2.jar:/Users/k/.m2/repository/net/minidev/json-smart/2.5.0/json-smart-2.5.0.jar:/Users/k/.m2/repository/net/minidev/accessors-smart/2.5.0/accessors-smart-2.5.0.jar:/Users/k/.m2/repository/org/ow2/asm/asm/9.3/asm-9.3.jar:/Users/k/.m2/repository/org/assertj/assertj-core/3.24.2/assertj-core-3.24.2.jar:/Users/k/.m2/repository/net/bytebuddy/byte-buddy/1.14.12/byte-buddy-1.14.12.jar:/Users/k/.m2/repository/org/awaitility/awaitility/4.2.0/awaitility-4.2.0.jar:/Users/k/.m2/repository/org/hamcrest/hamcrest/2.2/hamcrest-2.2.jar:/Users/k/.m2/repository/org/junit/jupiter/junit-jupiter/5.10.2/junit-jupiter-5.10.2.jar:/Users/k/.m2/repository/org/junit/jupiter/junit-jupiter-api/5.10.2/junit-jupiter-api-5.10.2.jar:/Users/k/.m2/repository/org/opentest4j/opentest4j/1.3.0/opentest4j-1.3.0.jar:/Users/k/.m2/repository/org/junit/platform/junit-platform-commons/1.10.2/junit-platform-commons-1.10.2.jar:/Users/k/.m2/repository/org/apiguardian/apiguardian-api/1.1.2/apiguardian-api-1.1.2.jar:/Users/k/.m2/repository/org/junit/jupiter/junit-jupiter-params/5.10.2/junit-jupiter-params-5.10.2.jar:/Users/k/.m2/repository/org/junit/jupiter/junit-jupiter-engine/5.10.2/junit-jupiter-engine-5.10.2.jar:/Users/k/.m2/repository/org/junit/platform/junit-platform-engine/1.10.2/junit-platform-engine-1.10.2.jar:/Users/k/.m2/repository/org/mockito/mockito-core/5.7.0/mockito-core-5.7.0.jar:/Users/k/.m2/repository/net/bytebuddy/byte-buddy-agent/1.14.12/byte-buddy-agent-1.14.12.jar:/Users/k/.m2/repository/org/objenesis/objenesis/3.3/objenesis-3.3.jar:/Users/k/.m2/repository/org/mockito/mockito-junit-jupiter/5.7.0/mockito-junit-jupiter-5.7.0.jar:/Users/k/.m2/repository/org/skyscreamer/jsonassert/1.5.1/jsonassert-1.5.1.jar:/Users/k/.m2/repository/com/vaadin/external/google/android-json/0.0.20131108.vaadin1/android-json-0.0.20131108.vaadin1.jar:/Users/k/.m2/repository/org/springframework/spring-core/6.1.4/spring-core-6.1.4.jar:/Users/k/.m2/repository/org/springframework/spring-jcl/6.1.4/spring-jcl-6.1.4.jar:/Users/k/.m2/repository/org/springframework/spring-test/6.1.4/spring-test-6.1.4.jar:/Users/k/.m2/repository/org/xmlunit/xmlunit-core/2.9.1/xmlunit-core-2.9.1.jar:/Users/k/.m2/repository/org/springframework/boot/spring-boot-starter-data-jpa/3.2.3/spring-boot-starter-data-jpa-3.2.3.jar:/Users/k/.m2/repository/org/springframework/boot/spring-boot-starter-aop/3.2.3/spring-boot-starter-aop-3.2.3.jar:/Users/k/.m2/repository/org/aspectj/aspectjweaver/1.9.21/aspectjweaver-1.9.21.jar:/Users/k/.m2/repository/org/springframework/boot/spring-boot-starter-jdbc/3.2.3/spring-boot-starter-jdbc-3.2.3.jar:/Users/k/.m2/repository/com/zaxxer/HikariCP/5.0.1/HikariCP-5.0.1.jar:/Users/k/.m2/repository/org/springframework/spring-jdbc/6.1.4/spring-jdbc-6.1.4.jar:/Users/k/.m2/repository/org/hibernate/orm/hibernate-core/6.4.4.Final/hibernate-core-6.4.4.Final.jar:/Users/k/.m2/repository/jakarta/persistence/jakarta.persistence-api/3.1.0/jakarta.persistence-api-3.1.0.jar:/Users/k/.m2/repository/jakarta/transaction/jakarta.transaction-api/2.0.1/jakarta.transaction-api-2.0.1.jar:/Users/k/.m2/repository/org/jboss/logging/jboss-logging/3.5.3.Final/jboss-logging-3.5.3.Final.jar:/Users/k/.m2/repository/org/hibernate/common/hibernate-commons-annotations/6.0.6.Final/hibernate-commons-annotations-6.0.6.Final.jar:/Users/k/.m2/repository/io/smallrye/jandex/3.1.2/jandex-3.1.2.jar:/Users/k/.m2/repository/com/fasterxml/classmate/1.6.0/classmate-1.6.0.jar:/Users/k/.m2/repository/org/glassfish/jaxb/jaxb-runtime/4.0.4/jaxb-runtime-4.0.4.jar:/Users/k/.m2/repository/org/glassfish/jaxb/jaxb-core/4.0.4/jaxb-core-4.0.4.jar:/Users/k/.m2/repository/org/eclipse/angus/angus-activation/2.0.1/angus-activation-2.0.1.jar:/Users/k/.m2/repository/org/glassfish/jaxb/txw2/4.0.4/txw2-4.0.4.jar:/Users/k/.m2/repository/com/sun/istack/istack-commons-runtime/4.1.2/istack-commons-runtime-4.1.2.jar:/Users/k/.m2/repository/jakarta/inject/jakarta.inject-api/2.0.1/jakarta.inject-api-2.0.1.jar:/Users/k/.m2/repository/org/antlr/antlr4-runtime/4.13.0/antlr4-runtime-4.13.0.jar:/Users/k/.m2/repository/org/springframework/data/spring-data-jpa/3.2.3/spring-data-jpa-3.2.3.jar:/Users/k/.m2/repository/org/springframework/data/spring-data-commons/3.2.3/spring-data-commons-3.2.3.jar:/Users/k/.m2/repository/org/springframework/spring-orm/6.1.4/spring-orm-6.1.4.jar:/Users/k/.m2/repository/org/springframework/spring-tx/6.1.4/spring-tx-6.1.4.jar:/Users/k/.m2/repository/org/springframework/spring-aspects/6.1.4/spring-aspects-6.1.4.jar:/Users/k/.m2/repository/org/springframework/boot/spring-boot-starter-validation/3.2.3/spring-boot-starter-validation-3.2.3.jar:/Users/k/.m2/repository/org/hibernate/validator/hibernate-validator/8.0.1.Final/hibernate-validator-8.0.1.Final.jar:/Users/k/.m2/repository/jakarta/validation/jakarta.validation-api/3.0.2/jakarta.validation-api-3.0.2.jar:/Users/k/.m2/repository/org/springframework/boot/spring-boot-starter-thymeleaf/3.2.3/spring-boot-starter-thymeleaf-3.2.3.jar:/Users/k/.m2/repository/org/thymeleaf/thymeleaf-spring6/3.1.2.RELEASE/thymeleaf-spring6-3.1.2.RELEASE.jar:/Users/k/.m2/repository/org/thymeleaf/thymeleaf/3.1.2.RELEASE/thymeleaf-3.1.2.RELEASE.jar:/Users/k/.m2/repository/org/attoparser/attoparser/2.0.7.RELEASE/attoparser-2.0.7.RELEASE.jar:/Users/k/.m2/repository/org/unbescape/unbescape/1.1.6.RELEASE/unbescape-1.1.6.RELEASE.jar:/Users/k/.m2/repository/ch/qos/logback/logback-classic/1.4.14/logback-classic-1.4.14.jar:/Users/k/.m2/repository/org/slf4j/slf4j-api/2.0.12/slf4j-api-2.0.12.jar:/Users/k/.m2/repository/ch/qos/logback/logback-core/1.4.14/logback-core-1.4.14.jar:/Users/k/.m2/repository/com/mysql/mysql-connector-j/8.3.0/mysql-connector-j-8.3.0.jar:/Users/k/.m2/repository/me/paulschwarz/spring-dotenv/4.0.0/spring-dotenv-4.0.0.jar:/Users/k/.m2/repository/io/github/cdimascio/dotenv-java/3.0.0/dotenv-java-3.0.0.jar:/Users/k/.m2/repository/com/google/code/findbugs/annotations/3.0.1/annotations-3.0.1.jar:/Users/k/.m2/repository/net/jcip/jcip-annotations/1.0/jcip-annotations-1.0.jar:/Users/k/.m2/repository/com/google/code/findbugs/jsr305/3.0.1/jsr305-3.0.1.jar:"/>
    <property name="java.vm.vendor" value="Oracle Corporation"/>
    <property name="sun.arch.data.model" value="64"/>
    <property name="java.vendor.url" value="https://java.oracle.com/"/>
    <property name="catalina.useNaming" value="false"/>
    <property name="user.timezone" value="Asia/Jakarta"/>
    <property name="org.jboss.logging.provider" value="slf4j"/>
    <property name="os.name" value="Mac OS X"/>
    <property name="java.vm.specification.version" value="21"/>
    <property name="sun.java.launcher" value="SUN_STANDARD"/>
    <property name="user.country" value="ID"/>
    <property name="sun.boot.library.path" value="/Users/k/dev/openjdk/Contents/Home/lib"/>
    <property name="sun.java.command" value="/Users/k/work/Bugdetind/API/target/surefire/surefirebooter-20240306141815890_3.jar /Users/k/work/Bugdetind/API/target/surefire 2024-03-06T14-18-15_093-jvmRun1 surefire-20240306141815890_1tmp surefire_0-20240306141815890_2tmp"/>
    <property name="http.nonProxyHosts" value="local|*.local|169.254/16|*.169.254/16"/>
    <property name="jdk.debug" value="release"/>
    <property name="surefire.test.class.path" value="/Users/k/work/Bugdetind/API/target/test-classes:/Users/k/work/Bugdetind/API/target/classes:/Users/k/.m2/repository/org/springframework/boot/spring-boot-starter-actuator/3.2.3/spring-boot-starter-actuator-3.2.3.jar:/Users/k/.m2/repository/org/springframework/boot/spring-boot-starter/3.2.3/spring-boot-starter-3.2.3.jar:/Users/k/.m2/repository/org/springframework/boot/spring-boot-starter-logging/3.2.3/spring-boot-starter-logging-3.2.3.jar:/Users/k/.m2/repository/org/apache/logging/log4j/log4j-to-slf4j/2.21.1/log4j-to-slf4j-2.21.1.jar:/Users/k/.m2/repository/org/apache/logging/log4j/log4j-api/2.21.1/log4j-api-2.21.1.jar:/Users/k/.m2/repository/org/slf4j/jul-to-slf4j/2.0.12/jul-to-slf4j-2.0.12.jar:/Users/k/.m2/repository/org/yaml/snakeyaml/2.2/snakeyaml-2.2.jar:/Users/k/.m2/repository/org/springframework/boot/spring-boot-actuator-autoconfigure/3.2.3/spring-boot-actuator-autoconfigure-3.2.3.jar:/Users/k/.m2/repository/org/springframework/boot/spring-boot-actuator/3.2.3/spring-boot-actuator-3.2.3.jar:/Users/k/.m2/repository/com/fasterxml/jackson/core/jackson-databind/2.15.4/jackson-databind-2.15.4.jar:/Users/k/.m2/repository/com/fasterxml/jackson/core/jackson-annotations/2.15.4/jackson-annotations-2.15.4.jar:/Users/k/.m2/repository/com/fasterxml/jackson/core/jackson-core/2.15.4/jackson-core-2.15.4.jar:/Users/k/.m2/repository/com/fasterxml/jackson/datatype/jackson-datatype-jsr310/2.15.4/jackson-datatype-jsr310-2.15.4.jar:/Users/k/.m2/repository/io/micrometer/micrometer-observation/1.12.3/micrometer-observation-1.12.3.jar:/Users/k/.m2/repository/io/micrometer/micrometer-commons/1.12.3/micrometer-commons-1.12.3.jar:/Users/k/.m2/repository/io/micrometer/micrometer-jakarta9/1.12.3/micrometer-jakarta9-1.12.3.jar:/Users/k/.m2/repository/io/micrometer/micrometer-core/1.12.3/micrometer-core-1.12.3.jar:/Users/k/.m2/repository/org/hdrhistogram/HdrHistogram/2.1.12/HdrHistogram-2.1.12.jar:/Users/k/.m2/repository/org/latencyutils/LatencyUtils/2.0.3/LatencyUtils-2.0.3.jar:/Users/k/.m2/repository/org/springframework/boot/spring-boot-starter-web/3.2.3/spring-boot-starter-web-3.2.3.jar:/Users/k/.m2/repository/org/springframework/boot/spring-boot-starter-json/3.2.3/spring-boot-starter-json-3.2.3.jar:/Users/k/.m2/repository/com/fasterxml/jackson/datatype/jackson-datatype-jdk8/2.15.4/jackson-datatype-jdk8-2.15.4.jar:/Users/k/.m2/repository/com/fasterxml/jackson/module/jackson-module-parameter-names/2.15.4/jackson-module-parameter-names-2.15.4.jar:/Users/k/.m2/repository/org/springframework/spring-web/6.1.4/spring-web-6.1.4.jar:/Users/k/.m2/repository/org/springframework/spring-beans/6.1.4/spring-beans-6.1.4.jar:/Users/k/.m2/repository/org/springframework/spring-webmvc/6.1.4/spring-webmvc-6.1.4.jar:/Users/k/.m2/repository/org/springframework/spring-aop/6.1.4/spring-aop-6.1.4.jar:/Users/k/.m2/repository/org/springframework/spring-context/6.1.4/spring-context-6.1.4.jar:/Users/k/.m2/repository/org/springframework/spring-expression/6.1.4/spring-expression-6.1.4.jar:/Users/k/.m2/repository/org/springframework/boot/spring-boot-devtools/3.2.3/spring-boot-devtools-3.2.3.jar:/Users/k/.m2/repository/org/springframework/boot/spring-boot/3.2.3/spring-boot-3.2.3.jar:/Users/k/.m2/repository/org/springframework/boot/spring-boot-autoconfigure/3.2.3/spring-boot-autoconfigure-3.2.3.jar:/Users/k/.m2/repository/org/projectlombok/lombok/1.18.30/lombok-1.18.30.jar:/Users/k/.m2/repository/org/springframework/boot/spring-boot-starter-tomcat/3.2.3/spring-boot-starter-tomcat-3.2.3.jar:/Users/k/.m2/repository/jakarta/annotation/jakarta.annotation-api/2.1.1/jakarta.annotation-api-2.1.1.jar:/Users/k/.m2/repository/org/apache/tomcat/embed/tomcat-embed-core/10.1.19/tomcat-embed-core-10.1.19.jar:/Users/k/.m2/repository/org/apache/tomcat/embed/tomcat-embed-el/10.1.19/tomcat-embed-el-10.1.19.jar:/Users/k/.m2/repository/org/apache/tomcat/embed/tomcat-embed-websocket/10.1.19/tomcat-embed-websocket-10.1.19.jar:/Users/k/.m2/repository/org/springframework/boot/spring-boot-starter-test/3.2.3/spring-boot-starter-test-3.2.3.jar:/Users/k/.m2/repository/org/springframework/boot/spring-boot-test/3.2.3/spring-boot-test-3.2.3.jar:/Users/k/.m2/repository/org/springframework/boot/spring-boot-test-autoconfigure/3.2.3/spring-boot-test-autoconfigure-3.2.3.jar:/Users/k/.m2/repository/com/jayway/jsonpath/json-path/2.9.0/json-path-2.9.0.jar:/Users/k/.m2/repository/jakarta/xml/bind/jakarta.xml.bind-api/4.0.1/jakarta.xml.bind-api-4.0.1.jar:/Users/k/.m2/repository/jakarta/activation/jakarta.activation-api/2.1.2/jakarta.activation-api-2.1.2.jar:/Users/k/.m2/repository/net/minidev/json-smart/2.5.0/json-smart-2.5.0.jar:/Users/k/.m2/repository/net/minidev/accessors-smart/2.5.0/accessors-smart-2.5.0.jar:/Users/k/.m2/repository/org/ow2/asm/asm/9.3/asm-9.3.jar:/Users/k/.m2/repository/org/assertj/assertj-core/3.24.2/assertj-core-3.24.2.jar:/Users/k/.m2/repository/net/bytebuddy/byte-buddy/1.14.12/byte-buddy-1.14.12.jar:/Users/k/.m2/repository/org/awaitility/awaitility/4.2.0/awaitility-4.2.0.jar:/Users/k/.m2/repository/org/hamcrest/hamcrest/2.2/hamcrest-2.2.jar:/Users/k/.m2/repository/org/junit/jupiter/junit-jupiter/5.10.2/junit-jupiter-5.10.2.jar:/Users/k/.m2/repository/org/junit/jupiter/junit-jupiter-api/5.10.2/junit-jupiter-api-5.10.2.jar:/Users/k/.m2/repository/org/opentest4j/opentest4j/1.3.0/opentest4j-1.3.0.jar:/Users/k/.m2/repository/org/junit/platform/junit-platform-commons/1.10.2/junit-platform-commons-1.10.2.jar:/Users/k/.m2/repository/org/apiguardian/apiguardian-api/1.1.2/apiguardian-api-1.1.2.jar:/Users/k/.m2/repository/org/junit/jupiter/junit-jupiter-params/5.10.2/junit-jupiter-params-5.10.2.jar:/Users/k/.m2/repository/org/junit/jupiter/junit-jupiter-engine/5.10.2/junit-jupiter-engine-5.10.2.jar:/Users/k/.m2/repository/org/junit/platform/junit-platform-engine/1.10.2/junit-platform-engine-1.10.2.jar:/Users/k/.m2/repository/org/mockito/mockito-core/5.7.0/mockito-core-5.7.0.jar:/Users/k/.m2/repository/net/bytebuddy/byte-buddy-agent/1.14.12/byte-buddy-agent-1.14.12.jar:/Users/k/.m2/repository/org/objenesis/objenesis/3.3/objenesis-3.3.jar:/Users/k/.m2/repository/org/mockito/mockito-junit-jupiter/5.7.0/mockito-junit-jupiter-5.7.0.jar:/Users/k/.m2/repository/org/skyscreamer/jsonassert/1.5.1/jsonassert-1.5.1.jar:/Users/k/.m2/repository/com/vaadin/external/google/android-json/0.0.20131108.vaadin1/android-json-0.0.20131108.vaadin1.jar:/Users/k/.m2/repository/org/springframework/spring-core/6.1.4/spring-core-6.1.4.jar:/Users/k/.m2/repository/org/springframework/spring-jcl/6.1.4/spring-jcl-6.1.4.jar:/Users/k/.m2/repository/org/springframework/spring-test/6.1.4/spring-test-6.1.4.jar:/Users/k/.m2/repository/org/xmlunit/xmlunit-core/2.9.1/xmlunit-core-2.9.1.jar:/Users/k/.m2/repository/org/springframework/boot/spring-boot-starter-data-jpa/3.2.3/spring-boot-starter-data-jpa-3.2.3.jar:/Users/k/.m2/repository/org/springframework/boot/spring-boot-starter-aop/3.2.3/spring-boot-starter-aop-3.2.3.jar:/Users/k/.m2/repository/org/aspectj/aspectjweaver/1.9.21/aspectjweaver-1.9.21.jar:/Users/k/.m2/repository/org/springframework/boot/spring-boot-starter-jdbc/3.2.3/spring-boot-starter-jdbc-3.2.3.jar:/Users/k/.m2/repository/com/zaxxer/HikariCP/5.0.1/HikariCP-5.0.1.jar:/Users/k/.m2/repository/org/springframework/spring-jdbc/6.1.4/spring-jdbc-6.1.4.jar:/Users/k/.m2/repository/org/hibernate/orm/hibernate-core/6.4.4.Final/hibernate-core-6.4.4.Final.jar:/Users/k/.m2/repository/jakarta/persistence/jakarta.persistence-api/3.1.0/jakarta.persistence-api-3.1.0.jar:/Users/k/.m2/repository/jakarta/transaction/jakarta.transaction-api/2.0.1/jakarta.transaction-api-2.0.1.jar:/Users/k/.m2/repository/org/jboss/logging/jboss-logging/3.5.3.Final/jboss-logging-3.5.3.Final.jar:/Users/k/.m2/repository/org/hibernate/common/hibernate-commons-annotations/6.0.6.Final/hibernate-commons-annotations-6.0.6.Final.jar:/Users/k/.m2/repository/io/smallrye/jandex/3.1.2/jandex-3.1.2.jar:/Users/k/.m2/repository/com/fasterxml/classmate/1.6.0/classmate-1.6.0.jar:/Users/k/.m2/repository/org/glassfish/jaxb/jaxb-runtime/4.0.4/jaxb-runtime-4.0.4.jar:/Users/k/.m2/repository/org/glassfish/jaxb/jaxb-core/4.0.4/jaxb-core-4.0.4.jar:/Users/k/.m2/repository/org/eclipse/angus/angus-activation/2.0.1/angus-activation-2.0.1.jar:/Users/k/.m2/repository/org/glassfish/jaxb/txw2/4.0.4/txw2-4.0.4.jar:/Users/k/.m2/repository/com/sun/istack/istack-commons-runtime/4.1.2/istack-commons-runtime-4.1.2.jar:/Users/k/.m2/repository/jakarta/inject/jakarta.inject-api/2.0.1/jakarta.inject-api-2.0.1.jar:/Users/k/.m2/repository/org/antlr/antlr4-runtime/4.13.0/antlr4-runtime-4.13.0.jar:/Users/k/.m2/repository/org/springframework/data/spring-data-jpa/3.2.3/spring-data-jpa-3.2.3.jar:/Users/k/.m2/repository/org/springframework/data/spring-data-commons/3.2.3/spring-data-commons-3.2.3.jar:/Users/k/.m2/repository/org/springframework/spring-orm/6.1.4/spring-orm-6.1.4.jar:/Users/k/.m2/repository/org/springframework/spring-tx/6.1.4/spring-tx-6.1.4.jar:/Users/k/.m2/repository/org/springframework/spring-aspects/6.1.4/spring-aspects-6.1.4.jar:/Users/k/.m2/repository/org/springframework/boot/spring-boot-starter-validation/3.2.3/spring-boot-starter-validation-3.2.3.jar:/Users/k/.m2/repository/org/hibernate/validator/hibernate-validator/8.0.1.Final/hibernate-validator-8.0.1.Final.jar:/Users/k/.m2/repository/jakarta/validation/jakarta.validation-api/3.0.2/jakarta.validation-api-3.0.2.jar:/Users/k/.m2/repository/org/springframework/boot/spring-boot-starter-thymeleaf/3.2.3/spring-boot-starter-thymeleaf-3.2.3.jar:/Users/k/.m2/repository/org/thymeleaf/thymeleaf-spring6/3.1.2.RELEASE/thymeleaf-spring6-3.1.2.RELEASE.jar:/Users/k/.m2/repository/org/thymeleaf/thymeleaf/3.1.2.RELEASE/thymeleaf-3.1.2.RELEASE.jar:/Users/k/.m2/repository/org/attoparser/attoparser/2.0.7.RELEASE/attoparser-2.0.7.RELEASE.jar:/Users/k/.m2/repository/org/unbescape/unbescape/1.1.6.RELEASE/unbescape-1.1.6.RELEASE.jar:/Users/k/.m2/repository/ch/qos/logback/logback-classic/1.4.14/logback-classic-1.4.14.jar:/Users/k/.m2/repository/org/slf4j/slf4j-api/2.0.12/slf4j-api-2.0.12.jar:/Users/k/.m2/repository/ch/qos/logback/logback-core/1.4.14/logback-core-1.4.14.jar:/Users/k/.m2/repository/com/mysql/mysql-connector-j/8.3.0/mysql-connector-j-8.3.0.jar:/Users/k/.m2/repository/me/paulschwarz/spring-dotenv/4.0.0/spring-dotenv-4.0.0.jar:/Users/k/.m2/repository/io/github/cdimascio/dotenv-java/3.0.0/dotenv-java-3.0.0.jar:/Users/k/.m2/repository/com/google/code/findbugs/annotations/3.0.1/annotations-3.0.1.jar:/Users/k/.m2/repository/net/jcip/jcip-annotations/1.0/jcip-annotations-1.0.jar:/Users/k/.m2/repository/com/google/code/findbugs/jsr305/3.0.1/jsr305-3.0.1.jar:"/>
    <property name="sun.cpu.endian" value="little"/>
    <property name="user.home" value="/Users/k"/>
    <property name="user.language" value="en"/>
    <property name="java.specification.vendor" value="Oracle Corporation"/>
    <property name="java.version.date" value="2023-10-17"/>
    <property name="java.home" value="/Users/k/dev/openjdk/Contents/Home"/>
    <property name="file.separator" value="/"/>
    <property name="basedir" value="/Users/k/work/Bugdetind/API"/>
    <property name="java.vm.compressedOopsMode" value="Zero based"/>
    <property name="line.separator" value="&#10;"/>
    <property name="java.vm.specification.vendor" value="Oracle Corporation"/>
    <property name="java.specification.name" value="Java Platform API Specification"/>
    <property name="FILE_LOG_CHARSET" value="UTF-8"/>
    <property name="java.awt.headless" value="true"/>
    <property name="apple.awt.application.name" value="ForkedBooter"/>
    <property name="surefire.real.class.path" value="/Users/k/work/Bugdetind/API/target/surefire/surefirebooter-20240306141815890_3.jar"/>
    <property name="sun.management.compiler" value="HotSpot 64-Bit Tiered Compilers"/>
    <property name="ftp.nonProxyHosts" value="local|*.local|169.254/16|*.169.254/16"/>
    <property name="java.runtime.version" value="21.0.1+12-29"/>
    <property name="user.name" value="k"/>
    <property name="stdout.encoding" value="UTF-8"/>
    <property name="path.separator" value=":"/>
    <property name="os.version" value="12.7.3"/>
    <property name="java.runtime.name" value="OpenJDK Runtime Environment"/>
    <property name="file.encoding" value="UTF-8"/>
    <property name="java.vm.name" value="OpenJDK 64-Bit Server VM"/>
    <property name="localRepository" value="/Users/k/.m2/repository"/>
    <property name="java.vendor.url.bug" value="https://bugreport.java.com/bugreport/"/>
    <property name="java.io.tmpdir" value="/var/folders/s1/jvdvyv5d4bv_rybcf9lpz2040000gn/T/"/>
    <property name="com.zaxxer.hikari.pool_number" value="3"/>
    <property name="catalina.home" value="/private/var/folders/s1/jvdvyv5d4bv_rybcf9lpz2040000gn/T/tomcat.8080.4792747838525526874"/>
    <property name="java.version" value="21.0.1"/>
    <property name="user.dir" value="/Users/k/work/Bugdetind/API"/>
    <property name="os.arch" value="x86_64"/>
    <property name="java.vm.specification.name" value="Java Virtual Machine Specification"/>
    <property name="PID" value="8639"/>
    <property name="CONSOLE_LOG_CHARSET" value="UTF-8"/>
    <property name="catalina.base" value="/private/var/folders/s1/jvdvyv5d4bv_rybcf9lpz2040000gn/T/tomcat.8080.4792747838525526874"/>
    <property name="native.encoding" value="UTF-8"/>
    <property name="java.library.path" value="/Users/k/Library/Java/Extensions:/Library/Java/Extensions:/Network/Library/Java/Extensions:/System/Library/Java/Extensions:/usr/lib/java:."/>
    <property name="java.vm.info" value="mixed mode, sharing"/>
    <property name="stderr.encoding" value="UTF-8"/>
    <property name="java.vendor" value="Oracle Corporation"/>
    <property name="java.vm.version" value="21.0.1+12-29"/>
    <property name="sun.io.unicode.encoding" value="UnicodeBig"/>
    <property name="socksNonProxyHosts" value="local|*.local|169.254/16|*.169.254/16"/>
    <property name="java.class.version" value="65.0"/>
  </properties>
  <testcase name="getAddressSucess" classname="com.kanggara.budgetin.controllers.AddressControllerTest" time="0.487">
    <system-out><![CDATA[2024-03-06T14:19:35.098+07:00  INFO 8639 --- [           main] t.c.s.AnnotationConfigContextLoaderUtils : Could not detect default configuration classes for test class [com.kanggara.budgetin.controllers.AddressControllerTest]: AddressControllerTest does not declare any static, non-private, non-final, nested classes annotated with @Configuration.
2024-03-06T14:19:35.102+07:00  INFO 8639 --- [           main] .b.t.c.SpringBootTestContextBootstrapper : Found @SpringBootConfiguration com.kanggara.budgetin.BudgetInApplication for test class com.kanggara.budgetin.controllers.AddressControllerTest
2024-03-06T14:19:35.512+07:00 DEBUG 8639 --- [           main] o.s.w.f.CommonsRequestLoggingFilter      : Before request [GET /api/contacts/test/addresses/test]
2024-03-06T14:19:35.513+07:00 DEBUG 8639 --- [           main] s.w.s.m.m.a.RequestMappingHandlerMapping : Mapped to com.kanggara.budgetin.controllers.AddressController#getMethodName(UserEntity, String, String)
2024-03-06T14:19:35.514+07:00  INFO 8639 --- [           main] c.k.b.resolver.UserArgumentResolver      : TOKEN token
2024-03-06T14:19:35.520+07:00  INFO 8639 --- [           main] c.k.b.resolver.UserArgumentResolver      : USER com.kanggara.budgetin.entities.UserEntity@724f547c
2024-03-06T14:19:35.550+07:00 DEBUG 8639 --- [           main] m.m.a.RequestResponseBodyMethodProcessor : Using 'application/json', given [application/json] and supported [application/json]
2024-03-06T14:19:35.551+07:00 DEBUG 8639 --- [           main] m.m.a.RequestResponseBodyMethodProcessor : Writing [WebResponse(data=AddressResponse(id=test, street=Jalan Jalan, city=Pekanbaru, province=Riau, country (truncated)...]
2024-03-06T14:19:35.556+07:00 DEBUG 8639 --- [           main] o.s.w.f.CommonsRequestLoggingFilter      : REQUEST DATA: GET /api/contacts/test/addresses/test]
]]></system-out>
  </testcase>
  <testcase name="listAddressContactNotFound" classname="com.kanggara.budgetin.controllers.AddressControllerTest" time="0.19">
    <system-out><![CDATA[2024-03-06T14:19:35.813+07:00 DEBUG 8639 --- [           main] o.s.w.f.CommonsRequestLoggingFilter      : Before request [GET /api/contacts/salah/addresses]
2024-03-06T14:19:35.814+07:00 DEBUG 8639 --- [           main] s.w.s.m.m.a.RequestMappingHandlerMapping : Mapped to com.kanggara.budgetin.controllers.AddressController#getMethodName(UserEntity, String)
2024-03-06T14:19:35.815+07:00  INFO 8639 --- [           main] c.k.b.resolver.UserArgumentResolver      : TOKEN token
2024-03-06T14:19:35.830+07:00  INFO 8639 --- [           main] c.k.b.resolver.UserArgumentResolver      : USER com.kanggara.budgetin.entities.UserEntity@3bbc9c90
2024-03-06T14:19:35.850+07:00 DEBUG 8639 --- [           main] .m.m.a.ExceptionHandlerExceptionResolver : Using @ExceptionHandler com.kanggara.budgetin.controllers.ErrorController#apiExecption(ResponseStatusException)
2024-03-06T14:19:35.851+07:00 DEBUG 8639 --- [           main] o.s.w.s.m.m.a.HttpEntityMethodProcessor  : Using 'application/json', given [application/json] and supported [application/json, application/*+json]
2024-03-06T14:19:35.851+07:00 DEBUG 8639 --- [           main] o.s.w.s.m.m.a.HttpEntityMethodProcessor  : Writing [WebResponse(data=null, error=Contact Not Found, paging=null)]
2024-03-06T14:19:35.852+07:00 DEBUG 8639 --- [           main] .m.m.a.ExceptionHandlerExceptionResolver : Resolved [org.springframework.web.server.ResponseStatusException: 404 NOT_FOUND "Contact Not Found"]
2024-03-06T14:19:35.852+07:00 DEBUG 8639 --- [           main] o.s.w.f.CommonsRequestLoggingFilter      : REQUEST DATA: GET /api/contacts/salah/addresses]
]]></system-out>
  </testcase>
  <testcase name="deleteAddressIdNotFound" classname="com.kanggara.budgetin.controllers.AddressControllerTest" time="0.227">
    <system-out><![CDATA[2024-03-06T14:19:36.038+07:00 DEBUG 8639 --- [           main] o.s.w.f.CommonsRequestLoggingFilter      : Before request [DELETE /api/contacts/test/addresses/test]
2024-03-06T14:19:36.041+07:00 DEBUG 8639 --- [           main] s.w.s.m.m.a.RequestMappingHandlerMapping : Mapped to com.kanggara.budgetin.controllers.AddressController#delete(UserEntity, String, String)
2024-03-06T14:19:36.042+07:00  INFO 8639 --- [           main] c.k.b.resolver.UserArgumentResolver      : TOKEN token
2024-03-06T14:19:36.047+07:00  INFO 8639 --- [           main] c.k.b.resolver.UserArgumentResolver      : USER com.kanggara.budgetin.entities.UserEntity@403b6cd1
2024-03-06T14:19:36.078+07:00 DEBUG 8639 --- [           main] .m.m.a.ExceptionHandlerExceptionResolver : Using @ExceptionHandler com.kanggara.budgetin.controllers.ErrorController#apiExecption(ResponseStatusException)
2024-03-06T14:19:36.079+07:00 DEBUG 8639 --- [           main] o.s.w.s.m.m.a.HttpEntityMethodProcessor  : Using 'application/json', given [application/json] and supported [application/json, application/*+json]
2024-03-06T14:19:36.079+07:00 DEBUG 8639 --- [           main] o.s.w.s.m.m.a.HttpEntityMethodProcessor  : Writing [WebResponse(data=null, error=Address Not Found, paging=null)]
2024-03-06T14:19:36.080+07:00 DEBUG 8639 --- [           main] .m.m.a.ExceptionHandlerExceptionResolver : Resolved [org.springframework.web.server.ResponseStatusException: 404 NOT_FOUND "Address Not Found"]
2024-03-06T14:19:36.080+07:00 DEBUG 8639 --- [           main] o.s.w.f.CommonsRequestLoggingFilter      : REQUEST DATA: DELETE /api/contacts/test/addresses/test]
]]></system-out>
  </testcase>
  <testcase name="createAddressBadRequest" classname="com.kanggara.budgetin.controllers.AddressControllerTest" time="0.357">
    <system-out><![CDATA[2024-03-06T14:19:36.431+07:00 DEBUG 8639 --- [           main] o.s.w.f.CommonsRequestLoggingFilter      : Before request [POST /api/contacts/test/addresses]
2024-03-06T14:19:36.432+07:00 DEBUG 8639 --- [           main] s.w.s.m.m.a.RequestMappingHandlerMapping : Mapped to com.kanggara.budgetin.controllers.AddressController#create(UserEntity, CreateAddressRequest, String)
2024-03-06T14:19:36.433+07:00  INFO 8639 --- [           main] c.k.b.resolver.UserArgumentResolver      : TOKEN token
2024-03-06T14:19:36.442+07:00  INFO 8639 --- [           main] c.k.b.resolver.UserArgumentResolver      : USER com.kanggara.budgetin.entities.UserEntity@63a628da
2024-03-06T14:19:36.459+07:00 DEBUG 8639 --- [           main] m.m.a.RequestResponseBodyMethodProcessor : Read "application/json;charset=UTF-8" to [CreateAddressRequest(contactId=null, street=null, city=null, province=null, country=, postalCode=nul (truncated)...]
2024-03-06T14:19:36.476+07:00 DEBUG 8639 --- [           main] .m.m.a.ExceptionHandlerExceptionResolver : Using @ExceptionHandler com.kanggara.budgetin.controllers.ErrorController#constraintViolationsExecption(ConstraintViolationException)
2024-03-06T14:19:36.478+07:00 DEBUG 8639 --- [           main] o.s.w.s.m.m.a.HttpEntityMethodProcessor  : Using 'application/json', given [application/json] and supported [application/json, application/*+json]
2024-03-06T14:19:36.478+07:00 DEBUG 8639 --- [           main] o.s.w.s.m.m.a.HttpEntityMethodProcessor  : Writing [WebResponse(data=null, error=country: must not be blank, paging=null)]
2024-03-06T14:19:36.479+07:00 DEBUG 8639 --- [           main] .m.m.a.ExceptionHandlerExceptionResolver : Resolved [jakarta.validation.ConstraintViolationException: country: must not be blank]
2024-03-06T14:19:36.480+07:00 DEBUG 8639 --- [           main] o.s.w.f.CommonsRequestLoggingFilter      : REQUEST DATA: POST /api/contacts/test/addresses, payload={"street":null,"city":null,"province":null,"country":"","postalCode":null}]
]]></system-out>
  </testcase>
  <testcase name="createAddressSucess" classname="com.kanggara.budgetin.controllers.AddressControllerTest" time="0.282">
    <system-out><![CDATA[2024-03-06T14:19:36.702+07:00 DEBUG 8639 --- [           main] o.s.w.f.CommonsRequestLoggingFilter      : Before request [POST /api/contacts/test/addresses]
2024-03-06T14:19:36.704+07:00 DEBUG 8639 --- [           main] s.w.s.m.m.a.RequestMappingHandlerMapping : Mapped to com.kanggara.budgetin.controllers.AddressController#create(UserEntity, CreateAddressRequest, String)
2024-03-06T14:19:36.705+07:00  INFO 8639 --- [           main] c.k.b.resolver.UserArgumentResolver      : TOKEN token
2024-03-06T14:19:36.715+07:00  INFO 8639 --- [           main] c.k.b.resolver.UserArgumentResolver      : USER com.kanggara.budgetin.entities.UserEntity@4a18bcb8
2024-03-06T14:19:36.716+07:00 DEBUG 8639 --- [           main] m.m.a.RequestResponseBodyMethodProcessor : Read "application/json;charset=UTF-8" to [CreateAddressRequest(contactId=null, street=Jalan Jalan, city=Pekanbaru, province=Riau, country=Indo (truncated)...]
2024-03-06T14:19:36.796+07:00 DEBUG 8639 --- [           main] m.m.a.RequestResponseBodyMethodProcessor : Using 'application/json', given [application/json] and supported [application/json]
2024-03-06T14:19:36.797+07:00 DEBUG 8639 --- [           main] m.m.a.RequestResponseBodyMethodProcessor : Writing [WebResponse(data=AddressResponse(id=d61884cd-24a4-4c64-923b-42b7f2162dad, street=Jalan Jalan, city=P (truncated)...]
2024-03-06T14:19:36.798+07:00 DEBUG 8639 --- [           main] o.s.w.f.CommonsRequestLoggingFilter      : REQUEST DATA: POST /api/contacts/test/addresses, payload={"street":"Jalan Jalan","city":"Pekanbaru","province":"Riau","country":"Indonesia","postalCode":"28213"}]
]]></system-out>
  </testcase>
  <testcase name="deleteAddressContactNotFound" classname="com.kanggara.budgetin.controllers.AddressControllerTest" time="0.177">
    <system-out><![CDATA[2024-03-06T14:19:36.983+07:00 DEBUG 8639 --- [           main] o.s.w.f.CommonsRequestLoggingFilter      : Before request [DELETE /api/contacts/tes/addresses/test]
2024-03-06T14:19:36.984+07:00 DEBUG 8639 --- [           main] s.w.s.m.m.a.RequestMappingHandlerMapping : Mapped to com.kanggara.budgetin.controllers.AddressController#delete(UserEntity, String, String)
2024-03-06T14:19:36.985+07:00  INFO 8639 --- [           main] c.k.b.resolver.UserArgumentResolver      : TOKEN token
2024-03-06T14:19:36.992+07:00  INFO 8639 --- [           main] c.k.b.resolver.UserArgumentResolver      : USER com.kanggara.budgetin.entities.UserEntity@708d0a2a
2024-03-06T14:19:37.000+07:00 DEBUG 8639 --- [           main] .m.m.a.ExceptionHandlerExceptionResolver : Using @ExceptionHandler com.kanggara.budgetin.controllers.ErrorController#apiExecption(ResponseStatusException)
2024-03-06T14:19:37.001+07:00 DEBUG 8639 --- [           main] o.s.w.s.m.m.a.HttpEntityMethodProcessor  : Using 'application/json', given [application/json] and supported [application/json, application/*+json]
2024-03-06T14:19:37.001+07:00 DEBUG 8639 --- [           main] o.s.w.s.m.m.a.HttpEntityMethodProcessor  : Writing [WebResponse(data=null, error=Contact Not Found, paging=null)]
2024-03-06T14:19:37.001+07:00 DEBUG 8639 --- [           main] .m.m.a.ExceptionHandlerExceptionResolver : Resolved [org.springframework.web.server.ResponseStatusException: 404 NOT_FOUND "Contact Not Found"]
2024-03-06T14:19:37.002+07:00 DEBUG 8639 --- [           main] o.s.w.f.CommonsRequestLoggingFilter      : REQUEST DATA: DELETE /api/contacts/tes/addresses/test]
]]></system-out>
  </testcase>
  <testcase name="getAddressNotFound" classname="com.kanggara.budgetin.controllers.AddressControllerTest" time="0.182">
    <system-out><![CDATA[2024-03-06T14:19:37.136+07:00 DEBUG 8639 --- [           main] o.s.w.f.CommonsRequestLoggingFilter      : Before request [GET /api/contacts/test/addresses/test]
2024-03-06T14:19:37.137+07:00 DEBUG 8639 --- [           main] s.w.s.m.m.a.RequestMappingHandlerMapping : Mapped to com.kanggara.budgetin.controllers.AddressController#getMethodName(UserEntity, String, String)
2024-03-06T14:19:37.138+07:00  INFO 8639 --- [           main] c.k.b.resolver.UserArgumentResolver      : TOKEN token
2024-03-06T14:19:37.146+07:00  INFO 8639 --- [           main] c.k.b.resolver.UserArgumentResolver      : USER com.kanggara.budgetin.entities.UserEntity@95ad4da
2024-03-06T14:19:37.200+07:00 DEBUG 8639 --- [           main] .m.m.a.ExceptionHandlerExceptionResolver : Using @ExceptionHandler com.kanggara.budgetin.controllers.ErrorController#apiExecption(ResponseStatusException)
2024-03-06T14:19:37.201+07:00 DEBUG 8639 --- [           main] o.s.w.s.m.m.a.HttpEntityMethodProcessor  : Using 'application/json', given [application/json] and supported [application/json, application/*+json]
2024-03-06T14:19:37.201+07:00 DEBUG 8639 --- [           main] o.s.w.s.m.m.a.HttpEntityMethodProcessor  : Writing [WebResponse(data=null, error=Address Not Found, paging=null)]
2024-03-06T14:19:37.202+07:00 DEBUG 8639 --- [           main] .m.m.a.ExceptionHandlerExceptionResolver : Resolved [org.springframework.web.server.ResponseStatusException: 404 NOT_FOUND "Address Not Found"]
2024-03-06T14:19:37.202+07:00 DEBUG 8639 --- [           main] o.s.w.f.CommonsRequestLoggingFilter      : REQUEST DATA: GET /api/contacts/test/addresses/test]
]]></system-out>
  </testcase>
  <testcase name="listAddressSucess" classname="com.kanggara.budgetin.controllers.AddressControllerTest" time="0.215">
    <system-out><![CDATA[2024-03-06T14:19:37.385+07:00 DEBUG 8639 --- [           main] o.s.w.f.CommonsRequestLoggingFilter      : Before request [GET /api/contacts/test/addresses]
2024-03-06T14:19:37.391+07:00 DEBUG 8639 --- [           main] s.w.s.m.m.a.RequestMappingHandlerMapping : Mapped to com.kanggara.budgetin.controllers.AddressController#getMethodName(UserEntity, String)
2024-03-06T14:19:37.391+07:00  INFO 8639 --- [           main] c.k.b.resolver.UserArgumentResolver      : TOKEN token
2024-03-06T14:19:37.396+07:00  INFO 8639 --- [           main] c.k.b.resolver.UserArgumentResolver      : USER com.kanggara.budgetin.entities.UserEntity@396d93a7
2024-03-06T14:19:37.415+07:00 DEBUG 8639 --- [           main] m.m.a.RequestResponseBodyMethodProcessor : Using 'application/json', given [application/json] and supported [application/json]
2024-03-06T14:19:37.416+07:00 DEBUG 8639 --- [           main] m.m.a.RequestResponseBodyMethodProcessor : Writing [WebResponse(data=[AddressResponse(id=test0, street=Jalan Jalan, city=Pekanbaru, province=Riau, count (truncated)...]
2024-03-06T14:19:37.418+07:00 DEBUG 8639 --- [           main] o.s.w.f.CommonsRequestLoggingFilter      : REQUEST DATA: GET /api/contacts/test/addresses]
]]></system-out>
  </testcase>
  <testcase name="updateAddressSuccess" classname="com.kanggara.budgetin.controllers.AddressControllerTest" time="0.257">
    <system-out><![CDATA[2024-03-06T14:19:37.568+07:00 DEBUG 8639 --- [           main] o.s.w.f.CommonsRequestLoggingFilter      : Before request [PUT /api/contacts/test/addresses/test]
2024-03-06T14:19:37.569+07:00 DEBUG 8639 --- [           main] s.w.s.m.m.a.RequestMappingHandlerMapping : Mapped to com.kanggara.budgetin.controllers.AddressController#update(UserEntity, UpdateAddressRequest, String, String)
2024-03-06T14:19:37.570+07:00  INFO 8639 --- [           main] c.k.b.resolver.UserArgumentResolver      : TOKEN token
2024-03-06T14:19:37.574+07:00  INFO 8639 --- [           main] c.k.b.resolver.UserArgumentResolver      : USER com.kanggara.budgetin.entities.UserEntity@58a70f5a
2024-03-06T14:19:37.583+07:00 DEBUG 8639 --- [           main] m.m.a.RequestResponseBodyMethodProcessor : Read "application/json;charset=UTF-8" to [UpdateAddressRequest(addressId=null, contactId=null, street=Jalan Baru, city=Jakarta, province=DKI,  (truncated)...]
2024-03-06T14:19:37.661+07:00 DEBUG 8639 --- [           main] m.m.a.RequestResponseBodyMethodProcessor : Using 'application/json', given [application/json] and supported [application/json]
2024-03-06T14:19:37.662+07:00 DEBUG 8639 --- [           main] m.m.a.RequestResponseBodyMethodProcessor : Writing [WebResponse(data=AddressResponse(id=test, street=Jalan Baru, city=Jakarta, province=DKI, country=Ind (truncated)...]
2024-03-06T14:19:37.662+07:00 DEBUG 8639 --- [           main] o.s.w.f.CommonsRequestLoggingFilter      : REQUEST DATA: PUT /api/contacts/test/addresses/test, payload={"street":"Jalan Baru","city":"Jakarta","province":"DKI","country":"Indonesia","postalCode":"112233"}]
]]></system-out>
  </testcase>
  <testcase name="updateAddressBadRequest" classname="com.kanggara.budgetin.controllers.AddressControllerTest" time="0.26">
    <system-out><![CDATA[2024-03-06T14:19:37.920+07:00 DEBUG 8639 --- [           main] o.s.w.f.CommonsRequestLoggingFilter      : Before request [PUT /api/contacts/test/addresses/test]
2024-03-06T14:19:37.921+07:00 DEBUG 8639 --- [           main] s.w.s.m.m.a.RequestMappingHandlerMapping : Mapped to com.kanggara.budgetin.controllers.AddressController#update(UserEntity, UpdateAddressRequest, String, String)
2024-03-06T14:19:37.921+07:00  INFO 8639 --- [           main] c.k.b.resolver.UserArgumentResolver      : TOKEN token
2024-03-06T14:19:37.931+07:00  INFO 8639 --- [           main] c.k.b.resolver.UserArgumentResolver      : USER com.kanggara.budgetin.entities.UserEntity@78c9eafc
2024-03-06T14:19:37.932+07:00 DEBUG 8639 --- [           main] m.m.a.RequestResponseBodyMethodProcessor : Read "application/json;charset=UTF-8" to [UpdateAddressRequest(addressId=null, contactId=null, street=null, city=null, province=null, country= (truncated)...]
2024-03-06T14:19:37.943+07:00 DEBUG 8639 --- [           main] .m.m.a.ExceptionHandlerExceptionResolver : Using @ExceptionHandler com.kanggara.budgetin.controllers.ErrorController#constraintViolationsExecption(ConstraintViolationException)
2024-03-06T14:19:37.944+07:00 DEBUG 8639 --- [           main] o.s.w.s.m.m.a.HttpEntityMethodProcessor  : Using 'application/json', given [application/json] and supported [application/json, application/*+json]
2024-03-06T14:19:37.945+07:00 DEBUG 8639 --- [           main] o.s.w.s.m.m.a.HttpEntityMethodProcessor  : Writing [WebResponse(data=null, error=country: must not be blank, paging=null)]
2024-03-06T14:19:37.945+07:00 DEBUG 8639 --- [           main] .m.m.a.ExceptionHandlerExceptionResolver : Resolved [jakarta.validation.ConstraintViolationException: country: must not be blank]
2024-03-06T14:19:37.945+07:00 DEBUG 8639 --- [           main] o.s.w.f.CommonsRequestLoggingFilter      : REQUEST DATA: PUT /api/contacts/test/addresses/test, payload={"street":null,"city":null,"province":null,"country":"","postalCode":null}]
]]></system-out>
  </testcase>
  <testcase name="deleteAddressSuccess" classname="com.kanggara.budgetin.controllers.AddressControllerTest" time="0.406">
    <system-out><![CDATA[2024-03-06T14:19:38.232+07:00 DEBUG 8639 --- [           main] o.s.w.f.CommonsRequestLoggingFilter      : Before request [DELETE /api/contacts/test/addresses/test]
2024-03-06T14:19:38.233+07:00 DEBUG 8639 --- [           main] s.w.s.m.m.a.RequestMappingHandlerMapping : Mapped to com.kanggara.budgetin.controllers.AddressController#delete(UserEntity, String, String)
2024-03-06T14:19:38.233+07:00  INFO 8639 --- [           main] c.k.b.resolver.UserArgumentResolver      : TOKEN token
2024-03-06T14:19:38.246+07:00  INFO 8639 --- [           main] c.k.b.resolver.UserArgumentResolver      : USER com.kanggara.budgetin.entities.UserEntity@56e6c1d9
2024-03-06T14:19:38.282+07:00 DEBUG 8639 --- [           main] m.m.a.RequestResponseBodyMethodProcessor : Using 'application/json', given [application/json] and supported [application/json]
2024-03-06T14:19:38.283+07:00 DEBUG 8639 --- [           main] m.m.a.RequestResponseBodyMethodProcessor : Writing [WebResponse(data=Deleted, error=null, paging=null)]
2024-03-06T14:19:38.284+07:00 DEBUG 8639 --- [           main] o.s.w.f.CommonsRequestLoggingFilter      : REQUEST DATA: DELETE /api/contacts/test/addresses/test]
]]></system-out>
  </testcase>
</testsuite>