<?xml version="1.0" encoding="UTF-8"?>
<testsuite xmlns:xsi="http://www.w3.org/2001/XMLSchema-instance" xsi:noNamespaceSchemaLocation="https://maven.apache.org/surefire/maven-surefire-plugin/xsd/surefire-test-report-3.0.xsd" version="3.0" name="com.kanggara.budgetin.controllers.UserControllerTest" time="13.013" tests="18" errors="0" skipped="0" failures="0">
  <properties>
    <property name="java.specification.version" value="21"/>
    <property name="sun.jnu.encoding" value="UTF-8"/>
    <property name="java.class.path" value="/Users/k/work/Bugdetind/API/target/test-classes:/Users/k/work/Bugdetind/API/target/classes:/Users/k/.m2/repository/org/springframework/boot/spring-boot-starter-actuator/3.2.3/spring-boot-starter-actuator-3.2.3.jar:/Users/k/.m2/repository/org/springframework/boot/spring-boot-starter/3.2.3/spring-boot-starter-3.2.3.jar:/Users/k/.m2/repository/org/springframework/boot/spring-boot-starter-logging/3.2.3/spring-boot-starter-logging-3.2.3.jar:/Users/k/.m2/repository/org/apache/logging/log4j/log4j-to-slf4j/2.21.1/log4j-to-slf4j-2.21.1.jar:/Users/k/.m2/repository/org/apache/logging/log4j/log4j-api/2.21.1/log4j-api-2.21.1.jar:/Users/k/.m2/repository/org/slf4j/jul-to-slf4j/2.0.12/jul-to-slf4j-2.0.12.jar:/Users/k/.m2/repository/org/yaml/snakeyaml/2.2/snakeyaml-2.2.jar:/Users/k/.m2/repository/org/springframework/boot/spring-boot-actuator-autoconfigure/3.2.3/spring-boot-actuator-autoconfigure-3.2.3.jar:/Users/k/.m2/repository/org/springframework/boot/spring-boot-actuator/3.2.3/spring-boot-actuator-3.2.3.jar:/Users/k/.m2/repository/com/fasterxml/jackson/core/jackson-databind/2.15.4/jackson-databind-2.15.4.jar:/Users/k/.m2/repository/com/fasterxml/jackson/core/jackson-annotations/2.15.4/jackson-annotations-2.15.4.jar:/Users/k/.m2/repository/com/fasterxml/jackson/core/jackson-core/2.15.4/jackson-core-2.15.4.jar:/Users/k/.m2/repository/com/fasterxml/jackson/datatype/jackson-datatype-jsr310/2.15.4/jackson-datatype-jsr310-2.15.4.jar:/Users/k/.m2/repository/io/micrometer/micrometer-observation/1.12.3/micrometer-observation-1.12.3.jar:/Users/k/.m2/repository/io/micrometer/micrometer-commons/1.12.3/micrometer-commons-1.12.3.jar:/Users/k/.m2/repository/io/micrometer/micrometer-jakarta9/1.12.3/micrometer-jakarta9-1.12.3.jar:/Users/k/.m2/repository/io/micrometer/micrometer-core/1.12.3/micrometer-core-1.12.3.jar:/Users/k/.m2/repository/org/hdrhistogram/HdrHistogram/2.1.12/HdrHistogram-2.1.12.jar:/Users/k/.m2/repository/org/latencyutils/LatencyUtils/2.0.3/LatencyUtils-2.0.3.jar:/Users/k/.m2/repository/org/springframework/boot/spring-boot-starter-web/3.2.3/spring-boot-starter-web-3.2.3.jar:/Users/k/.m2/repository/org/springframework/boot/spring-boot-starter-json/3.2.3/spring-boot-starter-json-3.2.3.jar:/Users/k/.m2/repository/com/fasterxml/jackson/datatype/jackson-datatype-jdk8/2.15.4/jackson-datatype-jdk8-2.15.4.jar:/Users/k/.m2/repository/com/fasterxml/jackson/module/jackson-module-parameter-names/2.15.4/jackson-module-parameter-names-2.15.4.jar:/Users/k/.m2/repository/org/springframework/spring-web/6.1.4/spring-web-6.1.4.jar:/Users/k/.m2/repository/org/springframework/spring-beans/6.1.4/spring-beans-6.1.4.jar:/Users/k/.m2/repository/org/springframework/spring-webmvc/6.1.4/spring-webmvc-6.1.4.jar:/Users/k/.m2/repository/org/springframework/spring-aop/6.1.4/spring-aop-6.1.4.jar:/Users/k/.m2/repository/org/springframework/spring-context/6.1.4/spring-context-6.1.4.jar:/Users/k/.m2/repository/org/springframework/spring-expression/6.1.4/spring-expression-6.1.4.jar:/Users/k/.m2/repository/org/springframework/boot/spring-boot-devtools/3.2.3/spring-boot-devtools-3.2.3.jar:/Users/k/.m2/repository/org/springframework/boot/spring-boot/3.2.3/spring-boot-3.2.3.jar:/Users/k/.m2/repository/org/springframework/boot/spring-boot-autoconfigure/3.2.3/spring-boot-autoconfigure-3.2.3.jar:/Users/k/.m2/repository/org/projectlombok/lombok/1.18.30/lombok-1.18.30.jar:/Users/k/.m2/repository/org/springframework/boot/spring-boot-starter-tomcat/3.2.3/spring-boot-starter-tomcat-3.2.3.jar:/Users/k/.m2/repository/jakarta/annotation/jakarta.annotation-api/2.1.1/jakarta.annotation-api-2.1.1.jar:/Users/k/.m2/repository/org/apache/tomcat/embed/tomcat-embed-core/10.1.19/tomcat-embed-core-10.1.19.jar:/Users/k/.m2/repository/org/apache/tomcat/embed/tomcat-embed-el/10.1.19/tomcat-embed-el-10.1.19.jar:/Users/k/.m2/repository/org/apache/tomcat/embed/tomcat-embed-websocket/10.1.19/tomcat-embed-websocket-10.1.19.jar:/Users/k/.m2/repository/org/springframework/boot/spring-boot-starter-test/3.2.3/spring-boot-starter-test-3.2.3.jar:/Users/k/.m2/repository/org/springframework/boot/spring-boot-test/3.2.3/spring-boot-test-3.2.3.jar:/Users/k/.m2/repository/org/springframework/boot/spring-boot-test-autoconfigure/3.2.3/spring-boot-test-autoconfigure-3.2.3.jar:/Users/k/.m2/repository/com/jayway/jsonpath/json-path/2.9.0/json-path-2.9.0.jar:/Users/k/.m2/repository/jakarta/xml/bind/jakarta.xml.bind-api/4.0.1/jakarta.xml.bind-api-4.0.1.jar:/Users/k/.m2/repository/jakarta/activation/jakarta.activation-api/2.1.2/jakarta.activation-api-2.1.2.jar:/Users/k/.m2/repository/net/minidev/json-smart/2.5.0/json-smart-2.5.0.jar:/Users/k/.m2/repository/net/minidev/accessors-smart/2.5.0/accessors-smart-2.5.0.jar:/Users/k/.m2/repository/org/ow2/asm/asm/9.3/asm-9.3.jar:/Users/k/.m2/repository/org/assertj/assertj-core/3.24.2/assertj-core-3.24.2.jar:/Users/k/.m2/repository/net/bytebuddy/byte-buddy/1.14.12/byte-buddy-1.14.12.jar:/Users/k/.m2/repository/org/awaitility/awaitility/4.2.0/awaitility-4.2.0.jar:/Users/k/.m2/repository/org/hamcrest/hamcrest/2.2/hamcrest-2.2.jar:/Users/k/.m2/repository/org/junit/jupiter/junit-jupiter/5.10.2/junit-jupiter-5.10.2.jar:/Users/k/.m2/repository/org/junit/jupiter/junit-jupiter-api/5.10.2/junit-jupiter-api-5.10.2.jar:/Users/k/.m2/repository/org/opentest4j/opentest4j/1.3.0/opentest4j-1.3.0.jar:/Users/k/.m2/repository/org/junit/platform/junit-platform-commons/1.10.2/junit-platform-commons-1.10.2.jar:/Users/k/.m2/repository/org/apiguardian/apiguardian-api/1.1.2/apiguardian-api-1.1.2.jar:/Users/k/.m2/repository/org/junit/jupiter/junit-jupiter-params/5.10.2/junit-jupiter-params-5.10.2.jar:/Users/k/.m2/repository/org/junit/jupiter/junit-jupiter-engine/5.10.2/junit-jupiter-engine-5.10.2.jar:/Users/k/.m2/repository/org/junit/platform/junit-platform-engine/1.10.2/junit-platform-engine-1.10.2.jar:/Users/k/.m2/repository/org/mockito/mockito-core/5.7.0/mockito-core-5.7.0.jar:/Users/k/.m2/repository/net/bytebuddy/byte-buddy-agent/1.14.12/byte-buddy-agent-1.14.12.jar:/Users/k/.m2/repository/org/objenesis/objenesis/3.3/objenesis-3.3.jar:/Users/k/.m2/repository/org/mockito/mockito-junit-jupiter/5.7.0/mockito-junit-jupiter-5.7.0.jar:/Users/k/.m2/repository/org/skyscreamer/jsonassert/1.5.1/jsonassert-1.5.1.jar:/Users/k/.m2/repository/com/vaadin/external/google/android-json/0.0.20131108.vaadin1/android-json-0.0.20131108.vaadin1.jar:/Users/k/.m2/repository/org/springframework/spring-core/6.1.4/spring-core-6.1.4.jar:/Users/k/.m2/repository/org/springframework/spring-jcl/6.1.4/spring-jcl-6.1.4.jar:/Users/k/.m2/repository/org/springframework/spring-test/6.1.4/spring-test-6.1.4.jar:/Users/k/.m2/repository/org/xmlunit/xmlunit-core/2.9.1/xmlunit-core-2.9.1.jar:/Users/k/.m2/repository/org/springframework/boot/spring-boot-starter-data-jpa/3.2.3/spring-boot-starter-data-jpa-3.2.3.jar:/Users/k/.m2/repository/org/springframework/boot/spring-boot-starter-aop/3.2.3/spring-boot-starter-aop-3.2.3.jar:/Users/k/.m2/repository/org/aspectj/aspectjweaver/1.9.21/aspectjweaver-1.9.21.jar:/Users/k/.m2/repository/org/springframework/boot/spring-boot-starter-jdbc/3.2.3/spring-boot-starter-jdbc-3.2.3.jar:/Users/k/.m2/repository/com/zaxxer/HikariCP/5.0.1/HikariCP-5.0.1.jar:/Users/k/.m2/repository/org/springframework/spring-jdbc/6.1.4/spring-jdbc-6.1.4.jar:/Users/k/.m2/repository/org/hibernate/orm/hibernate-core/6.4.4.Final/hibernate-core-6.4.4.Final.jar:/Users/k/.m2/repository/jakarta/persistence/jakarta.persistence-api/3.1.0/jakarta.persistence-api-3.1.0.jar:/Users/k/.m2/repository/jakarta/transaction/jakarta.transaction-api/2.0.1/jakarta.transaction-api-2.0.1.jar:/Users/k/.m2/repository/org/jboss/logging/jboss-logging/3.5.3.Final/jboss-logging-3.5.3.Final.jar:/Users/k/.m2/repository/org/hibernate/common/hibernate-commons-annotations/6.0.6.Final/hibernate-commons-annotations-6.0.6.Final.jar:/Users/k/.m2/repository/io/smallrye/jandex/3.1.2/jandex-3.1.2.jar:/Users/k/.m2/repository/com/fasterxml/classmate/1.6.0/classmate-1.6.0.jar:/Users/k/.m2/repository/org/glassfish/jaxb/jaxb-runtime/4.0.4/jaxb-runtime-4.0.4.jar:/Users/k/.m2/repository/org/glassfish/jaxb/jaxb-core/4.0.4/jaxb-core-4.0.4.jar:/Users/k/.m2/repository/org/eclipse/angus/angus-activation/2.0.1/angus-activation-2.0.1.jar:/Users/k/.m2/repository/org/glassfish/jaxb/txw2/4.0.4/txw2-4.0.4.jar:/Users/k/.m2/repository/com/sun/istack/istack-commons-runtime/4.1.2/istack-commons-runtime-4.1.2.jar:/Users/k/.m2/repository/jakarta/inject/jakarta.inject-api/2.0.1/jakarta.inject-api-2.0.1.jar:/Users/k/.m2/repository/org/antlr/antlr4-runtime/4.13.0/antlr4-runtime-4.13.0.jar:/Users/k/.m2/repository/org/springframework/data/spring-data-jpa/3.2.3/spring-data-jpa-3.2.3.jar:/Users/k/.m2/repository/org/springframework/data/spring-data-commons/3.2.3/spring-data-commons-3.2.3.jar:/Users/k/.m2/repository/org/springframework/spring-orm/6.1.4/spring-orm-6.1.4.jar:/Users/k/.m2/repository/org/springframework/spring-tx/6.1.4/spring-tx-6.1.4.jar:/Users/k/.m2/repository/org/springframework/spring-aspects/6.1.4/spring-aspects-6.1.4.jar:/Users/k/.m2/repository/org/springframework/boot/spring-boot-starter-validation/3.2.3/spring-boot-starter-validation-3.2.3.jar:/Users/k/.m2/repository/org/hibernate/validator/hibernate-validator/8.0.1.Final/hibernate-validator-8.0.1.Final.jar:/Users/k/.m2/repository/jakarta/validation/jakarta.validation-api/3.0.2/jakarta.validation-api-3.0.2.jar:/Users/k/.m2/repository/org/springframework/boot/spring-boot-starter-thymeleaf/3.2.3/spring-boot-starter-thymeleaf-3.2.3.jar:/Users/k/.m2/repository/org/thymeleaf/thymeleaf-spring6/3.1.2.RELEASE/thymeleaf-spring6-3.1.2.RELEASE.jar:/Users/k/.m2/repository/org/thymeleaf/thymeleaf/3.1.2.RELEASE/thymeleaf-3.1.2.RELEASE.jar:/Users/k/.m2/repository/org/attoparser/attoparser/2.0.7.RELEASE/attoparser-2.0.7.RELEASE.jar:/Users/k/.m2/repository/org/unbescape/unbescape/1.1.6.RELEASE/unbescape-1.1.6.RELEASE.jar:/Users/k/.m2/repository/ch/qos/logback/logback-classic/1.4.14/logback-classic-1.4.14.jar:/Users/k/.m2/repository/org/slf4j/slf4j-api/2.0.12/slf4j-api-2.0.12.jar:/Users/k/.m2/repository/ch/qos/logback/logback-core/1.4.14/logback-core-1.4.14.jar:/Users/k/.m2/repository/com/mysql/mysql-connector-j/8.3.0/mysql-connector-j-8.3.0.jar:/Users/k/.m2/repository/me/paulschwarz/spring-dotenv/4.0.0/spring-dotenv-4.0.0.jar:/Users/k/.m2/repository/io/github/cdimascio/dotenv-java/3.0.0/dotenv-java-3.0.0.jar:/Users/k/.m2/repository/com/google/code/findbugs/annotations/3.0.1/annotations-3.0.1.jar:/Users/k/.m2/repository/net/jcip/jcip-annotations/1.0/jcip-annotations-1.0.jar:/Users/k/.m2/repository/com/google/code/findbugs/jsr305/3.0.1/jsr305-3.0.1.jar:"/>
    <property name="java.vm.vendor" value="Oracle Corporation"/>
    <property name="sun.arch.data.model" value="64"/>
    <property name="java.vendor.url" value="https://java.oracle.com/"/>
    <property name="catalina.useNaming" value="false"/>
    <property name="user.timezone" value="Asia/Jakarta"/>
    <property name="org.jboss.logging.provider" value="slf4j"/>
    <property name="os.name" value="Mac OS X"/>
    <property name="java.vm.specification.version" value="21"/>
    <property name="sun.java.launcher" value="SUN_STANDARD"/>
    <property name="user.country" value="ID"/>
    <property name="sun.boot.library.path" value="/Users/k/dev/openjdk/Contents/Home/lib"/>
    <property name="sun.java.command" value="/Users/k/work/Bugdetind/API/target/surefire/surefirebooter-20240306141815890_3.jar /Users/k/work/Bugdetind/API/target/surefire 2024-03-06T14-18-15_093-jvmRun1 surefire-20240306141815890_1tmp surefire_0-20240306141815890_2tmp"/>
    <property name="http.nonProxyHosts" value="local|*.local|169.254/16|*.169.254/16"/>
    <property name="jdk.debug" value="release"/>
    <property name="surefire.test.class.path" value="/Users/k/work/Bugdetind/API/target/test-classes:/Users/k/work/Bugdetind/API/target/classes:/Users/k/.m2/repository/org/springframework/boot/spring-boot-starter-actuator/3.2.3/spring-boot-starter-actuator-3.2.3.jar:/Users/k/.m2/repository/org/springframework/boot/spring-boot-starter/3.2.3/spring-boot-starter-3.2.3.jar:/Users/k/.m2/repository/org/springframework/boot/spring-boot-starter-logging/3.2.3/spring-boot-starter-logging-3.2.3.jar:/Users/k/.m2/repository/org/apache/logging/log4j/log4j-to-slf4j/2.21.1/log4j-to-slf4j-2.21.1.jar:/Users/k/.m2/repository/org/apache/logging/log4j/log4j-api/2.21.1/log4j-api-2.21.1.jar:/Users/k/.m2/repository/org/slf4j/jul-to-slf4j/2.0.12/jul-to-slf4j-2.0.12.jar:/Users/k/.m2/repository/org/yaml/snakeyaml/2.2/snakeyaml-2.2.jar:/Users/k/.m2/repository/org/springframework/boot/spring-boot-actuator-autoconfigure/3.2.3/spring-boot-actuator-autoconfigure-3.2.3.jar:/Users/k/.m2/repository/org/springframework/boot/spring-boot-actuator/3.2.3/spring-boot-actuator-3.2.3.jar:/Users/k/.m2/repository/com/fasterxml/jackson/core/jackson-databind/2.15.4/jackson-databind-2.15.4.jar:/Users/k/.m2/repository/com/fasterxml/jackson/core/jackson-annotations/2.15.4/jackson-annotations-2.15.4.jar:/Users/k/.m2/repository/com/fasterxml/jackson/core/jackson-core/2.15.4/jackson-core-2.15.4.jar:/Users/k/.m2/repository/com/fasterxml/jackson/datatype/jackson-datatype-jsr310/2.15.4/jackson-datatype-jsr310-2.15.4.jar:/Users/k/.m2/repository/io/micrometer/micrometer-observation/1.12.3/micrometer-observation-1.12.3.jar:/Users/k/.m2/repository/io/micrometer/micrometer-commons/1.12.3/micrometer-commons-1.12.3.jar:/Users/k/.m2/repository/io/micrometer/micrometer-jakarta9/1.12.3/micrometer-jakarta9-1.12.3.jar:/Users/k/.m2/repository/io/micrometer/micrometer-core/1.12.3/micrometer-core-1.12.3.jar:/Users/k/.m2/repository/org/hdrhistogram/HdrHistogram/2.1.12/HdrHistogram-2.1.12.jar:/Users/k/.m2/repository/org/latencyutils/LatencyUtils/2.0.3/LatencyUtils-2.0.3.jar:/Users/k/.m2/repository/org/springframework/boot/spring-boot-starter-web/3.2.3/spring-boot-starter-web-3.2.3.jar:/Users/k/.m2/repository/org/springframework/boot/spring-boot-starter-json/3.2.3/spring-boot-starter-json-3.2.3.jar:/Users/k/.m2/repository/com/fasterxml/jackson/datatype/jackson-datatype-jdk8/2.15.4/jackson-datatype-jdk8-2.15.4.jar:/Users/k/.m2/repository/com/fasterxml/jackson/module/jackson-module-parameter-names/2.15.4/jackson-module-parameter-names-2.15.4.jar:/Users/k/.m2/repository/org/springframework/spring-web/6.1.4/spring-web-6.1.4.jar:/Users/k/.m2/repository/org/springframework/spring-beans/6.1.4/spring-beans-6.1.4.jar:/Users/k/.m2/repository/org/springframework/spring-webmvc/6.1.4/spring-webmvc-6.1.4.jar:/Users/k/.m2/repository/org/springframework/spring-aop/6.1.4/spring-aop-6.1.4.jar:/Users/k/.m2/repository/org/springframework/spring-context/6.1.4/spring-context-6.1.4.jar:/Users/k/.m2/repository/org/springframework/spring-expression/6.1.4/spring-expression-6.1.4.jar:/Users/k/.m2/repository/org/springframework/boot/spring-boot-devtools/3.2.3/spring-boot-devtools-3.2.3.jar:/Users/k/.m2/repository/org/springframework/boot/spring-boot/3.2.3/spring-boot-3.2.3.jar:/Users/k/.m2/repository/org/springframework/boot/spring-boot-autoconfigure/3.2.3/spring-boot-autoconfigure-3.2.3.jar:/Users/k/.m2/repository/org/projectlombok/lombok/1.18.30/lombok-1.18.30.jar:/Users/k/.m2/repository/org/springframework/boot/spring-boot-starter-tomcat/3.2.3/spring-boot-starter-tomcat-3.2.3.jar:/Users/k/.m2/repository/jakarta/annotation/jakarta.annotation-api/2.1.1/jakarta.annotation-api-2.1.1.jar:/Users/k/.m2/repository/org/apache/tomcat/embed/tomcat-embed-core/10.1.19/tomcat-embed-core-10.1.19.jar:/Users/k/.m2/repository/org/apache/tomcat/embed/tomcat-embed-el/10.1.19/tomcat-embed-el-10.1.19.jar:/Users/k/.m2/repository/org/apache/tomcat/embed/tomcat-embed-websocket/10.1.19/tomcat-embed-websocket-10.1.19.jar:/Users/k/.m2/repository/org/springframework/boot/spring-boot-starter-test/3.2.3/spring-boot-starter-test-3.2.3.jar:/Users/k/.m2/repository/org/springframework/boot/spring-boot-test/3.2.3/spring-boot-test-3.2.3.jar:/Users/k/.m2/repository/org/springframework/boot/spring-boot-test-autoconfigure/3.2.3/spring-boot-test-autoconfigure-3.2.3.jar:/Users/k/.m2/repository/com/jayway/jsonpath/json-path/2.9.0/json-path-2.9.0.jar:/Users/k/.m2/repository/jakarta/xml/bind/jakarta.xml.bind-api/4.0.1/jakarta.xml.bind-api-4.0.1.jar:/Users/k/.m2/repository/jakarta/activation/jakarta.activation-api/2.1.2/jakarta.activation-api-2.1.2.jar:/Users/k/.m2/repository/net/minidev/json-smart/2.5.0/json-smart-2.5.0.jar:/Users/k/.m2/repository/net/minidev/accessors-smart/2.5.0/accessors-smart-2.5.0.jar:/Users/k/.m2/repository/org/ow2/asm/asm/9.3/asm-9.3.jar:/Users/k/.m2/repository/org/assertj/assertj-core/3.24.2/assertj-core-3.24.2.jar:/Users/k/.m2/repository/net/bytebuddy/byte-buddy/1.14.12/byte-buddy-1.14.12.jar:/Users/k/.m2/repository/org/awaitility/awaitility/4.2.0/awaitility-4.2.0.jar:/Users/k/.m2/repository/org/hamcrest/hamcrest/2.2/hamcrest-2.2.jar:/Users/k/.m2/repository/org/junit/jupiter/junit-jupiter/5.10.2/junit-jupiter-5.10.2.jar:/Users/k/.m2/repository/org/junit/jupiter/junit-jupiter-api/5.10.2/junit-jupiter-api-5.10.2.jar:/Users/k/.m2/repository/org/opentest4j/opentest4j/1.3.0/opentest4j-1.3.0.jar:/Users/k/.m2/repository/org/junit/platform/junit-platform-commons/1.10.2/junit-platform-commons-1.10.2.jar:/Users/k/.m2/repository/org/apiguardian/apiguardian-api/1.1.2/apiguardian-api-1.1.2.jar:/Users/k/.m2/repository/org/junit/jupiter/junit-jupiter-params/5.10.2/junit-jupiter-params-5.10.2.jar:/Users/k/.m2/repository/org/junit/jupiter/junit-jupiter-engine/5.10.2/junit-jupiter-engine-5.10.2.jar:/Users/k/.m2/repository/org/junit/platform/junit-platform-engine/1.10.2/junit-platform-engine-1.10.2.jar:/Users/k/.m2/repository/org/mockito/mockito-core/5.7.0/mockito-core-5.7.0.jar:/Users/k/.m2/repository/net/bytebuddy/byte-buddy-agent/1.14.12/byte-buddy-agent-1.14.12.jar:/Users/k/.m2/repository/org/objenesis/objenesis/3.3/objenesis-3.3.jar:/Users/k/.m2/repository/org/mockito/mockito-junit-jupiter/5.7.0/mockito-junit-jupiter-5.7.0.jar:/Users/k/.m2/repository/org/skyscreamer/jsonassert/1.5.1/jsonassert-1.5.1.jar:/Users/k/.m2/repository/com/vaadin/external/google/android-json/0.0.20131108.vaadin1/android-json-0.0.20131108.vaadin1.jar:/Users/k/.m2/repository/org/springframework/spring-core/6.1.4/spring-core-6.1.4.jar:/Users/k/.m2/repository/org/springframework/spring-jcl/6.1.4/spring-jcl-6.1.4.jar:/Users/k/.m2/repository/org/springframework/spring-test/6.1.4/spring-test-6.1.4.jar:/Users/k/.m2/repository/org/xmlunit/xmlunit-core/2.9.1/xmlunit-core-2.9.1.jar:/Users/k/.m2/repository/org/springframework/boot/spring-boot-starter-data-jpa/3.2.3/spring-boot-starter-data-jpa-3.2.3.jar:/Users/k/.m2/repository/org/springframework/boot/spring-boot-starter-aop/3.2.3/spring-boot-starter-aop-3.2.3.jar:/Users/k/.m2/repository/org/aspectj/aspectjweaver/1.9.21/aspectjweaver-1.9.21.jar:/Users/k/.m2/repository/org/springframework/boot/spring-boot-starter-jdbc/3.2.3/spring-boot-starter-jdbc-3.2.3.jar:/Users/k/.m2/repository/com/zaxxer/HikariCP/5.0.1/HikariCP-5.0.1.jar:/Users/k/.m2/repository/org/springframework/spring-jdbc/6.1.4/spring-jdbc-6.1.4.jar:/Users/k/.m2/repository/org/hibernate/orm/hibernate-core/6.4.4.Final/hibernate-core-6.4.4.Final.jar:/Users/k/.m2/repository/jakarta/persistence/jakarta.persistence-api/3.1.0/jakarta.persistence-api-3.1.0.jar:/Users/k/.m2/repository/jakarta/transaction/jakarta.transaction-api/2.0.1/jakarta.transaction-api-2.0.1.jar:/Users/k/.m2/repository/org/jboss/logging/jboss-logging/3.5.3.Final/jboss-logging-3.5.3.Final.jar:/Users/k/.m2/repository/org/hibernate/common/hibernate-commons-annotations/6.0.6.Final/hibernate-commons-annotations-6.0.6.Final.jar:/Users/k/.m2/repository/io/smallrye/jandex/3.1.2/jandex-3.1.2.jar:/Users/k/.m2/repository/com/fasterxml/classmate/1.6.0/classmate-1.6.0.jar:/Users/k/.m2/repository/org/glassfish/jaxb/jaxb-runtime/4.0.4/jaxb-runtime-4.0.4.jar:/Users/k/.m2/repository/org/glassfish/jaxb/jaxb-core/4.0.4/jaxb-core-4.0.4.jar:/Users/k/.m2/repository/org/eclipse/angus/angus-activation/2.0.1/angus-activation-2.0.1.jar:/Users/k/.m2/repository/org/glassfish/jaxb/txw2/4.0.4/txw2-4.0.4.jar:/Users/k/.m2/repository/com/sun/istack/istack-commons-runtime/4.1.2/istack-commons-runtime-4.1.2.jar:/Users/k/.m2/repository/jakarta/inject/jakarta.inject-api/2.0.1/jakarta.inject-api-2.0.1.jar:/Users/k/.m2/repository/org/antlr/antlr4-runtime/4.13.0/antlr4-runtime-4.13.0.jar:/Users/k/.m2/repository/org/springframework/data/spring-data-jpa/3.2.3/spring-data-jpa-3.2.3.jar:/Users/k/.m2/repository/org/springframework/data/spring-data-commons/3.2.3/spring-data-commons-3.2.3.jar:/Users/k/.m2/repository/org/springframework/spring-orm/6.1.4/spring-orm-6.1.4.jar:/Users/k/.m2/repository/org/springframework/spring-tx/6.1.4/spring-tx-6.1.4.jar:/Users/k/.m2/repository/org/springframework/spring-aspects/6.1.4/spring-aspects-6.1.4.jar:/Users/k/.m2/repository/org/springframework/boot/spring-boot-starter-validation/3.2.3/spring-boot-starter-validation-3.2.3.jar:/Users/k/.m2/repository/org/hibernate/validator/hibernate-validator/8.0.1.Final/hibernate-validator-8.0.1.Final.jar:/Users/k/.m2/repository/jakarta/validation/jakarta.validation-api/3.0.2/jakarta.validation-api-3.0.2.jar:/Users/k/.m2/repository/org/springframework/boot/spring-boot-starter-thymeleaf/3.2.3/spring-boot-starter-thymeleaf-3.2.3.jar:/Users/k/.m2/repository/org/thymeleaf/thymeleaf-spring6/3.1.2.RELEASE/thymeleaf-spring6-3.1.2.RELEASE.jar:/Users/k/.m2/repository/org/thymeleaf/thymeleaf/3.1.2.RELEASE/thymeleaf-3.1.2.RELEASE.jar:/Users/k/.m2/repository/org/attoparser/attoparser/2.0.7.RELEASE/attoparser-2.0.7.RELEASE.jar:/Users/k/.m2/repository/org/unbescape/unbescape/1.1.6.RELEASE/unbescape-1.1.6.RELEASE.jar:/Users/k/.m2/repository/ch/qos/logback/logback-classic/1.4.14/logback-classic-1.4.14.jar:/Users/k/.m2/repository/org/slf4j/slf4j-api/2.0.12/slf4j-api-2.0.12.jar:/Users/k/.m2/repository/ch/qos/logback/logback-core/1.4.14/logback-core-1.4.14.jar:/Users/k/.m2/repository/com/mysql/mysql-connector-j/8.3.0/mysql-connector-j-8.3.0.jar:/Users/k/.m2/repository/me/paulschwarz/spring-dotenv/4.0.0/spring-dotenv-4.0.0.jar:/Users/k/.m2/repository/io/github/cdimascio/dotenv-java/3.0.0/dotenv-java-3.0.0.jar:/Users/k/.m2/repository/com/google/code/findbugs/annotations/3.0.1/annotations-3.0.1.jar:/Users/k/.m2/repository/net/jcip/jcip-annotations/1.0/jcip-annotations-1.0.jar:/Users/k/.m2/repository/com/google/code/findbugs/jsr305/3.0.1/jsr305-3.0.1.jar:"/>
    <property name="sun.cpu.endian" value="little"/>
    <property name="user.home" value="/Users/k"/>
    <property name="user.language" value="en"/>
    <property name="java.specification.vendor" value="Oracle Corporation"/>
    <property name="java.version.date" value="2023-10-17"/>
    <property name="java.home" value="/Users/k/dev/openjdk/Contents/Home"/>
    <property name="file.separator" value="/"/>
    <property name="basedir" value="/Users/k/work/Bugdetind/API"/>
    <property name="java.vm.compressedOopsMode" value="Zero based"/>
    <property name="line.separator" value="&#10;"/>
    <property name="java.vm.specification.vendor" value="Oracle Corporation"/>
    <property name="java.specification.name" value="Java Platform API Specification"/>
    <property name="FILE_LOG_CHARSET" value="UTF-8"/>
    <property name="java.awt.headless" value="true"/>
    <property name="apple.awt.application.name" value="ForkedBooter"/>
    <property name="surefire.real.class.path" value="/Users/k/work/Bugdetind/API/target/surefire/surefirebooter-20240306141815890_3.jar"/>
    <property name="sun.management.compiler" value="HotSpot 64-Bit Tiered Compilers"/>
    <property name="ftp.nonProxyHosts" value="local|*.local|169.254/16|*.169.254/16"/>
    <property name="java.runtime.version" value="21.0.1+12-29"/>
    <property name="user.name" value="k"/>
    <property name="stdout.encoding" value="UTF-8"/>
    <property name="path.separator" value=":"/>
    <property name="os.version" value="12.7.3"/>
    <property name="java.runtime.name" value="OpenJDK Runtime Environment"/>
    <property name="file.encoding" value="UTF-8"/>
    <property name="java.vm.name" value="OpenJDK 64-Bit Server VM"/>
    <property name="localRepository" value="/Users/k/.m2/repository"/>
    <property name="java.vendor.url.bug" value="https://bugreport.java.com/bugreport/"/>
    <property name="java.io.tmpdir" value="/var/folders/s1/jvdvyv5d4bv_rybcf9lpz2040000gn/T/"/>
    <property name="com.zaxxer.hikari.pool_number" value="3"/>
    <property name="catalina.home" value="/private/var/folders/s1/jvdvyv5d4bv_rybcf9lpz2040000gn/T/tomcat.8080.4792747838525526874"/>
    <property name="java.version" value="21.0.1"/>
    <property name="user.dir" value="/Users/k/work/Bugdetind/API"/>
    <property name="os.arch" value="x86_64"/>
    <property name="java.vm.specification.name" value="Java Virtual Machine Specification"/>
    <property name="PID" value="8639"/>
    <property name="CONSOLE_LOG_CHARSET" value="UTF-8"/>
    <property name="catalina.base" value="/private/var/folders/s1/jvdvyv5d4bv_rybcf9lpz2040000gn/T/tomcat.8080.4792747838525526874"/>
    <property name="native.encoding" value="UTF-8"/>
    <property name="java.library.path" value="/Users/k/Library/Java/Extensions:/Library/Java/Extensions:/Network/Library/Java/Extensions:/System/Library/Java/Extensions:/usr/lib/java:."/>
    <property name="java.vm.info" value="mixed mode, sharing"/>
    <property name="stderr.encoding" value="UTF-8"/>
    <property name="java.vendor" value="Oracle Corporation"/>
    <property name="java.vm.version" value="21.0.1+12-29"/>
    <property name="sun.io.unicode.encoding" value="UnicodeBig"/>
    <property name="socksNonProxyHosts" value="local|*.local|169.254/16|*.169.254/16"/>
    <property name="java.class.version" value="65.0"/>
  </properties>
  <testcase name="getUserUnautorized" classname="com.kanggara.budgetin.controllers.UserControllerTest" time="1.721">
    <system-out><![CDATA[2024-03-06T14:19:16.436+07:00  INFO 8639 --- [           main] t.c.s.AnnotationConfigContextLoaderUtils : Could not detect default configuration classes for test class [com.kanggara.budgetin.controllers.UserControllerTest]: UserControllerTest does not declare any static, non-private, non-final, nested classes annotated with @Configuration.
2024-03-06T14:19:16.690+07:00  INFO 8639 --- [           main] .b.t.c.SpringBootTestContextBootstrapper : Found @SpringBootConfiguration com.kanggara.budgetin.BudgetInApplication for test class com.kanggara.budgetin.controllers.UserControllerTest
2024-03-06T14:19:16.702+07:00  INFO 8639 --- [           main] o.s.b.d.r.RestartApplicationListener     : Restart disabled due to context in which it is running
2024-03-06T14:19:16.708+07:00  INFO 8639 --- [           main] m.p.springdotenv.DotenvPropertySource    : Initialized Dotenv with DotenvConfig{directory=null, filename=null, ignoreIfMalformed=false, ignoreIfMissing=true, systemProperties=false, prefix=null}

  .   ____          _            __ _ _
 /\\ / ___'_ __ _ _(_)_ __  __ _ \ \ \ \
( ( )\___ | '_ | '_| | '_ \/ _` | \ \ \ \
 \\/  ___)| |_)| | | | | || (_| |  ) ) ) )
  '  |____| .__|_| |_|_| |_\__, | / / / /
 =========|_|==============|___/=/_/_/_/
 :: Spring Boot ::                (v3.2.3)

2024-03-06T14:19:16.826+07:00  INFO 8639 --- [           main] c.k.b.controllers.UserControllerTest     : Starting UserControllerTest using Java 21.0.1 with PID 8639 (started by k in /Users/k/work/Bugdetind/API)
2024-03-06T14:19:16.826+07:00  INFO 8639 --- [           main] c.k.b.controllers.UserControllerTest     : No active profile set, falling back to 1 default profile: "default"
2024-03-06T14:19:16.835+07:00 DEBUG 8639 --- [           main] o.s.w.c.s.GenericWebApplicationContext   : Refreshing org.springframework.web.context.support.GenericWebApplicationContext@3ad3a616
2024-03-06T14:19:17.890+07:00  INFO 8639 --- [           main] .s.d.r.c.RepositoryConfigurationDelegate : Bootstrapping Spring Data JPA repositories in DEFAULT mode.
2024-03-06T14:19:17.934+07:00  INFO 8639 --- [           main] .s.d.r.c.RepositoryConfigurationDelegate : Finished Spring Data repository scanning in 43 ms. Found 3 JPA repository interfaces.
2024-03-06T14:19:18.356+07:00  INFO 8639 --- [           main] o.s.o.j.p.SpringPersistenceUnitInfo      : No LoadTimeWeaver setup: ignoring JPA class transformer
2024-03-06T14:19:18.358+07:00  INFO 8639 --- [           main] com.zaxxer.hikari.HikariDataSource       : HikariPool-3 - Starting...
2024-03-06T14:19:18.468+07:00  INFO 8639 --- [           main] com.zaxxer.hikari.pool.HikariPool        : HikariPool-3 - Added connection com.mysql.cj.jdbc.ConnectionImpl@7764c4b3
2024-03-06T14:19:18.469+07:00  INFO 8639 --- [           main] com.zaxxer.hikari.HikariDataSource       : HikariPool-3 - Start completed.
2024-03-06T14:19:19.173+07:00  INFO 8639 --- [           main] j.LocalContainerEntityManagerFactoryBean : Initialized JPA EntityManagerFactory for persistence unit 'default'
2024-03-06T14:19:20.100+07:00 DEBUG 8639 --- [           main] s.w.s.m.m.a.RequestMappingHandlerMapping : 19 mappings in 'requestMappingHandlerMapping'
2024-03-06T14:19:20.534+07:00 DEBUG 8639 --- [           main] o.s.w.s.handler.SimpleUrlHandlerMapping  : Patterns [/webjars/**, /**] in 'resourceHandlerMapping'
2024-03-06T14:19:20.621+07:00 DEBUG 8639 --- [           main] s.w.s.m.m.a.RequestMappingHandlerAdapter : ControllerAdvice beans: 0 @ModelAttribute, 0 @InitBinder, 1 RequestBodyAdvice, 1 ResponseBodyAdvice
2024-03-06T14:19:20.671+07:00 DEBUG 8639 --- [           main] .m.m.a.ExceptionHandlerExceptionResolver : ControllerAdvice beans: 1 @ExceptionHandler, 1 ResponseBodyAdvice
2024-03-06T14:19:21.655+07:00 DEBUG 8639 --- [           main] o.s.w.f.ServerHttpObservationFilter      : Filter 'webMvcObservationFilter' configured for use
2024-03-06T14:19:21.655+07:00 DEBUG 8639 --- [           main] o.s.w.f.CommonsRequestLoggingFilter      : Filter 'logFilter' configured for use
2024-03-06T14:19:21.658+07:00  INFO 8639 --- [           main] o.s.b.t.m.w.SpringBootMockServletContext : Initializing Spring TestDispatcherServlet ''
2024-03-06T14:19:21.659+07:00  INFO 8639 --- [           main] o.s.t.web.servlet.TestDispatcherServlet  : Initializing Servlet ''
2024-03-06T14:19:21.705+07:00  INFO 8639 --- [           main] o.s.t.web.servlet.TestDispatcherServlet  : Completed initialization in 46 ms
2024-03-06T14:19:21.787+07:00  INFO 8639 --- [           main] c.k.b.controllers.UserControllerTest     : Started UserControllerTest in 5.086 seconds (process running for 65.245)
2024-03-06T14:19:22.874+07:00 DEBUG 8639 --- [           main] o.s.w.f.CommonsRequestLoggingFilter      : Before request [GET /api/user]
2024-03-06T14:19:22.910+07:00 DEBUG 8639 --- [           main] s.w.s.m.m.a.RequestMappingHandlerMapping : Mapped to com.kanggara.budgetin.controllers.UserController#get(UserEntity)
2024-03-06T14:19:22.953+07:00  INFO 8639 --- [           main] c.k.b.resolver.UserArgumentResolver      : TOKEN null
2024-03-06T14:19:23.154+07:00 DEBUG 8639 --- [           main] o.s.web.method.HandlerMethod             : Could not resolve parameter [0] in public com.kanggara.budgetin.models.WebResponse<com.kanggara.budgetin.models.UserResponse> com.kanggara.budgetin.controllers.UserController.get(com.kanggara.budgetin.entities.UserEntity): 401 UNAUTHORIZED "Unautorized"
2024-03-06T14:19:23.157+07:00 DEBUG 8639 --- [           main] .m.m.a.ExceptionHandlerExceptionResolver : Using @ExceptionHandler com.kanggara.budgetin.controllers.ErrorController#apiExecption(ResponseStatusException)
2024-03-06T14:19:23.287+07:00 DEBUG 8639 --- [           main] o.s.w.s.m.m.a.HttpEntityMethodProcessor  : Using 'application/json', given [application/json] and supported [application/json, application/*+json]
2024-03-06T14:19:23.296+07:00 DEBUG 8639 --- [           main] o.s.w.s.m.m.a.HttpEntityMethodProcessor  : Writing [WebResponse(data=null, error=Unautorized, paging=null)]
2024-03-06T14:19:23.338+07:00 DEBUG 8639 --- [           main] .m.m.a.ExceptionHandlerExceptionResolver : Resolved [org.springframework.web.server.ResponseStatusException: 401 UNAUTHORIZED "Unautorized"]
2024-03-06T14:19:23.348+07:00 DEBUG 8639 --- [           main] o.s.w.f.CommonsRequestLoggingFilter      : REQUEST DATA: GET /api/user]
]]></system-out>
  </testcase>
  <testcase name="testRegisterBadRequest(String, String, String)[1]" classname="com.kanggara.budgetin.controllers.UserControllerTest" time="0.406">
    <system-out><![CDATA[2024-03-06T14:19:23.769+07:00 DEBUG 8639 --- [           main] o.s.w.f.CommonsRequestLoggingFilter      : Before request [POST /api/register]
2024-03-06T14:19:23.770+07:00 DEBUG 8639 --- [           main] s.w.s.m.m.a.RequestMappingHandlerMapping : Mapped to com.kanggara.budgetin.controllers.UserController#register(RegisterUserRequest)
2024-03-06T14:19:23.812+07:00 DEBUG 8639 --- [           main] m.m.a.RequestResponseBodyMethodProcessor : Read "application/json;charset=UTF-8" to [RegisterUserRequest(username=null, name=null, password=null)]
2024-03-06T14:19:24.068+07:00 DEBUG 8639 --- [           main] .m.m.a.ExceptionHandlerExceptionResolver : Using @ExceptionHandler com.kanggara.budgetin.controllers.ErrorController#constraintViolationsExecption(ConstraintViolationException)
2024-03-06T14:19:24.069+07:00 DEBUG 8639 --- [           main] o.s.w.s.m.m.a.HttpEntityMethodProcessor  : Using 'application/json', given [application/json] and supported [application/json, application/*+json]
2024-03-06T14:19:24.069+07:00 DEBUG 8639 --- [           main] o.s.w.s.m.m.a.HttpEntityMethodProcessor  : Writing [WebResponse(data=null, error=username: must not be blank, password: must not be blank, name: must no (truncated)...]
2024-03-06T14:19:24.070+07:00 DEBUG 8639 --- [           main] .m.m.a.ExceptionHandlerExceptionResolver : Resolved [jakarta.validation.ConstraintViolationException: username: must not be blank, password: must not be blank, name: must not be blank]
2024-03-06T14:19:24.070+07:00 DEBUG 8639 --- [           main] o.s.w.f.CommonsRequestLoggingFilter      : REQUEST DATA: POST /api/register, payload={"username":null,"name":null,"password":null}]
]]></system-out>
  </testcase>
  <testcase name="testRegisterBadRequest(String, String, String)[2]" classname="com.kanggara.budgetin.controllers.UserControllerTest" time="0.065">
    <system-out><![CDATA[2024-03-06T14:19:24.134+07:00 DEBUG 8639 --- [           main] o.s.w.f.CommonsRequestLoggingFilter      : Before request [POST /api/register]
2024-03-06T14:19:24.135+07:00 DEBUG 8639 --- [           main] s.w.s.m.m.a.RequestMappingHandlerMapping : Mapped to com.kanggara.budgetin.controllers.UserController#register(RegisterUserRequest)
2024-03-06T14:19:24.136+07:00 DEBUG 8639 --- [           main] m.m.a.RequestResponseBodyMethodProcessor : Read "application/json;charset=UTF-8" to [RegisterUserRequest(username=null, name=null, password=secrets)]
2024-03-06T14:19:24.141+07:00 DEBUG 8639 --- [           main] .m.m.a.ExceptionHandlerExceptionResolver : Using @ExceptionHandler com.kanggara.budgetin.controllers.ErrorController#constraintViolationsExecption(ConstraintViolationException)
2024-03-06T14:19:24.144+07:00 DEBUG 8639 --- [           main] o.s.w.s.m.m.a.HttpEntityMethodProcessor  : Using 'application/json', given [application/json] and supported [application/json, application/*+json]
2024-03-06T14:19:24.146+07:00 DEBUG 8639 --- [           main] o.s.w.s.m.m.a.HttpEntityMethodProcessor  : Writing [WebResponse(data=null, error=username: must not be blank, name: must not be blank, paging=null)]
2024-03-06T14:19:24.147+07:00 DEBUG 8639 --- [           main] .m.m.a.ExceptionHandlerExceptionResolver : Resolved [jakarta.validation.ConstraintViolationException: username: must not be blank, name: must not be blank]
2024-03-06T14:19:24.148+07:00 DEBUG 8639 --- [           main] o.s.w.f.CommonsRequestLoggingFilter      : REQUEST DATA: POST /api/register, payload={"username":null,"name":null,"password":"secrets"}]
]]></system-out>
  </testcase>
  <testcase name="testRegisterBadRequest(String, String, String)[3]" classname="com.kanggara.budgetin.controllers.UserControllerTest" time="0.059">
    <system-out><![CDATA[2024-03-06T14:19:24.229+07:00 DEBUG 8639 --- [           main] o.s.w.f.CommonsRequestLoggingFilter      : Before request [POST /api/register]
2024-03-06T14:19:24.230+07:00 DEBUG 8639 --- [           main] s.w.s.m.m.a.RequestMappingHandlerMapping : Mapped to com.kanggara.budgetin.controllers.UserController#register(RegisterUserRequest)
2024-03-06T14:19:24.231+07:00 DEBUG 8639 --- [           main] m.m.a.RequestResponseBodyMethodProcessor : Read "application/json;charset=UTF-8" to [RegisterUserRequest(username=null, name=test, password=null)]
2024-03-06T14:19:24.234+07:00 DEBUG 8639 --- [           main] .m.m.a.ExceptionHandlerExceptionResolver : Using @ExceptionHandler com.kanggara.budgetin.controllers.ErrorController#constraintViolationsExecption(ConstraintViolationException)
2024-03-06T14:19:24.235+07:00 DEBUG 8639 --- [           main] o.s.w.s.m.m.a.HttpEntityMethodProcessor  : Using 'application/json', given [application/json] and supported [application/json, application/*+json]
2024-03-06T14:19:24.235+07:00 DEBUG 8639 --- [           main] o.s.w.s.m.m.a.HttpEntityMethodProcessor  : Writing [WebResponse(data=null, error=password: must not be blank, username: must not be blank, paging=null)]
2024-03-06T14:19:24.236+07:00 DEBUG 8639 --- [           main] .m.m.a.ExceptionHandlerExceptionResolver : Resolved [jakarta.validation.ConstraintViolationException: password: must not be blank, username: must not be blank]
2024-03-06T14:19:24.237+07:00 DEBUG 8639 --- [           main] o.s.w.f.CommonsRequestLoggingFilter      : REQUEST DATA: POST /api/register, payload={"username":null,"name":"test","password":null}]
]]></system-out>
  </testcase>
  <testcase name="testRegisterBadRequest(String, String, String)[4]" classname="com.kanggara.budgetin.controllers.UserControllerTest" time="0.107">
    <system-out><![CDATA[2024-03-06T14:19:24.336+07:00 DEBUG 8639 --- [           main] o.s.w.f.CommonsRequestLoggingFilter      : Before request [POST /api/register]
2024-03-06T14:19:24.337+07:00 DEBUG 8639 --- [           main] s.w.s.m.m.a.RequestMappingHandlerMapping : Mapped to com.kanggara.budgetin.controllers.UserController#register(RegisterUserRequest)
2024-03-06T14:19:24.338+07:00 DEBUG 8639 --- [           main] m.m.a.RequestResponseBodyMethodProcessor : Read "application/json;charset=UTF-8" to [RegisterUserRequest(username=null, name=test, password=secrets)]
2024-03-06T14:19:24.349+07:00 DEBUG 8639 --- [           main] .m.m.a.ExceptionHandlerExceptionResolver : Using @ExceptionHandler com.kanggara.budgetin.controllers.ErrorController#constraintViolationsExecption(ConstraintViolationException)
2024-03-06T14:19:24.351+07:00 DEBUG 8639 --- [           main] o.s.w.s.m.m.a.HttpEntityMethodProcessor  : Using 'application/json', given [application/json] and supported [application/json, application/*+json]
2024-03-06T14:19:24.352+07:00 DEBUG 8639 --- [           main] o.s.w.s.m.m.a.HttpEntityMethodProcessor  : Writing [WebResponse(data=null, error=username: must not be blank, paging=null)]
2024-03-06T14:19:24.352+07:00 DEBUG 8639 --- [           main] .m.m.a.ExceptionHandlerExceptionResolver : Resolved [jakarta.validation.ConstraintViolationException: username: must not be blank]
2024-03-06T14:19:24.353+07:00 DEBUG 8639 --- [           main] o.s.w.f.CommonsRequestLoggingFilter      : REQUEST DATA: POST /api/register, payload={"username":null,"name":"test","password":"secrets"}]
]]></system-out>
  </testcase>
  <testcase name="testRegisterBadRequest(String, String, String)[5]" classname="com.kanggara.budgetin.controllers.UserControllerTest" time="0.071">
    <system-out><![CDATA[2024-03-06T14:19:24.398+07:00 DEBUG 8639 --- [           main] o.s.w.f.CommonsRequestLoggingFilter      : Before request [POST /api/register]
2024-03-06T14:19:24.400+07:00 DEBUG 8639 --- [           main] s.w.s.m.m.a.RequestMappingHandlerMapping : Mapped to com.kanggara.budgetin.controllers.UserController#register(RegisterUserRequest)
2024-03-06T14:19:24.402+07:00 DEBUG 8639 --- [           main] m.m.a.RequestResponseBodyMethodProcessor : Read "application/json;charset=UTF-8" to [RegisterUserRequest(username=nama, name=null, password=null)]
2024-03-06T14:19:24.410+07:00 DEBUG 8639 --- [           main] .m.m.a.ExceptionHandlerExceptionResolver : Using @ExceptionHandler com.kanggara.budgetin.controllers.ErrorController#constraintViolationsExecption(ConstraintViolationException)
2024-03-06T14:19:24.414+07:00 DEBUG 8639 --- [           main] o.s.w.s.m.m.a.HttpEntityMethodProcessor  : Using 'application/json', given [application/json] and supported [application/json, application/*+json]
2024-03-06T14:19:24.415+07:00 DEBUG 8639 --- [           main] o.s.w.s.m.m.a.HttpEntityMethodProcessor  : Writing [WebResponse(data=null, error=password: must not be blank, name: must not be blank, paging=null)]
2024-03-06T14:19:24.416+07:00 DEBUG 8639 --- [           main] .m.m.a.ExceptionHandlerExceptionResolver : Resolved [jakarta.validation.ConstraintViolationException: password: must not be blank, name: must not be blank]
2024-03-06T14:19:24.416+07:00 DEBUG 8639 --- [           main] o.s.w.f.CommonsRequestLoggingFilter      : REQUEST DATA: POST /api/register, payload={"username":"nama","name":null,"password":null}]
]]></system-out>
  </testcase>
  <testcase name="testRegisterBadRequest(String, String, String)[6]" classname="com.kanggara.budgetin.controllers.UserControllerTest" time="0.077">
    <system-out><![CDATA[2024-03-06T14:19:24.499+07:00 DEBUG 8639 --- [           main] o.s.w.f.CommonsRequestLoggingFilter      : Before request [POST /api/register]
2024-03-06T14:19:24.500+07:00 DEBUG 8639 --- [           main] s.w.s.m.m.a.RequestMappingHandlerMapping : Mapped to com.kanggara.budgetin.controllers.UserController#register(RegisterUserRequest)
2024-03-06T14:19:24.501+07:00 DEBUG 8639 --- [           main] m.m.a.RequestResponseBodyMethodProcessor : Read "application/json;charset=UTF-8" to [RegisterUserRequest(username=nama, name=test, password=null)]
2024-03-06T14:19:24.506+07:00 DEBUG 8639 --- [           main] .m.m.a.ExceptionHandlerExceptionResolver : Using @ExceptionHandler com.kanggara.budgetin.controllers.ErrorController#constraintViolationsExecption(ConstraintViolationException)
2024-03-06T14:19:24.507+07:00 DEBUG 8639 --- [           main] o.s.w.s.m.m.a.HttpEntityMethodProcessor  : Using 'application/json', given [application/json] and supported [application/json, application/*+json]
2024-03-06T14:19:24.508+07:00 DEBUG 8639 --- [           main] o.s.w.s.m.m.a.HttpEntityMethodProcessor  : Writing [WebResponse(data=null, error=password: must not be blank, paging=null)]
2024-03-06T14:19:24.509+07:00 DEBUG 8639 --- [           main] .m.m.a.ExceptionHandlerExceptionResolver : Resolved [jakarta.validation.ConstraintViolationException: password: must not be blank]
2024-03-06T14:19:24.515+07:00 DEBUG 8639 --- [           main] o.s.w.f.CommonsRequestLoggingFilter      : REQUEST DATA: POST /api/register, payload={"username":"nama","name":"test","password":null}]
]]></system-out>
  </testcase>
  <testcase name="testRegisterBadRequest(String, String, String)[7]" classname="com.kanggara.budgetin.controllers.UserControllerTest" time="0.067">
    <system-out><![CDATA[2024-03-06T14:19:24.586+07:00 DEBUG 8639 --- [           main] o.s.w.f.CommonsRequestLoggingFilter      : Before request [POST /api/register]
2024-03-06T14:19:24.587+07:00 DEBUG 8639 --- [           main] s.w.s.m.m.a.RequestMappingHandlerMapping : Mapped to com.kanggara.budgetin.controllers.UserController#register(RegisterUserRequest)
2024-03-06T14:19:24.588+07:00 DEBUG 8639 --- [           main] m.m.a.RequestResponseBodyMethodProcessor : Read "application/json;charset=UTF-8" to [RegisterUserRequest(username=nama, name=null, password=secrets)]
2024-03-06T14:19:24.597+07:00 DEBUG 8639 --- [           main] .m.m.a.ExceptionHandlerExceptionResolver : Using @ExceptionHandler com.kanggara.budgetin.controllers.ErrorController#constraintViolationsExecption(ConstraintViolationException)
2024-03-06T14:19:24.598+07:00 DEBUG 8639 --- [           main] o.s.w.s.m.m.a.HttpEntityMethodProcessor  : Using 'application/json', given [application/json] and supported [application/json, application/*+json]
2024-03-06T14:19:24.598+07:00 DEBUG 8639 --- [           main] o.s.w.s.m.m.a.HttpEntityMethodProcessor  : Writing [WebResponse(data=null, error=name: must not be blank, paging=null)]
2024-03-06T14:19:24.598+07:00 DEBUG 8639 --- [           main] .m.m.a.ExceptionHandlerExceptionResolver : Resolved [jakarta.validation.ConstraintViolationException: name: must not be blank]
2024-03-06T14:19:24.599+07:00 DEBUG 8639 --- [           main] o.s.w.f.CommonsRequestLoggingFilter      : REQUEST DATA: POST /api/register, payload={"username":"nama","name":null,"password":"secrets"}]
]]></system-out>
  </testcase>
  <testcase name="getUserTokenExpiried" classname="com.kanggara.budgetin.controllers.UserControllerTest" time="0.557">
    <system-out><![CDATA[2024-03-06T14:19:25.132+07:00 DEBUG 8639 --- [           main] o.s.w.f.CommonsRequestLoggingFilter      : Before request [GET /api/user]
2024-03-06T14:19:25.132+07:00 DEBUG 8639 --- [           main] s.w.s.m.m.a.RequestMappingHandlerMapping : Mapped to com.kanggara.budgetin.controllers.UserController#get(UserEntity)
2024-03-06T14:19:25.133+07:00  INFO 8639 --- [           main] c.k.b.resolver.UserArgumentResolver      : TOKEN token
2024-03-06T14:19:25.141+07:00  INFO 8639 --- [           main] c.k.b.resolver.UserArgumentResolver      : USER com.kanggara.budgetin.entities.UserEntity@750629f1
2024-03-06T14:19:25.142+07:00 DEBUG 8639 --- [           main] o.s.web.method.HandlerMethod             : Could not resolve parameter [0] in public com.kanggara.budgetin.models.WebResponse<com.kanggara.budgetin.models.UserResponse> com.kanggara.budgetin.controllers.UserController.get(com.kanggara.budgetin.entities.UserEntity): 401 UNAUTHORIZED "Token Expiried"
2024-03-06T14:19:25.143+07:00 DEBUG 8639 --- [           main] .m.m.a.ExceptionHandlerExceptionResolver : Using @ExceptionHandler com.kanggara.budgetin.controllers.ErrorController#apiExecption(ResponseStatusException)
2024-03-06T14:19:25.148+07:00 DEBUG 8639 --- [           main] o.s.w.s.m.m.a.HttpEntityMethodProcessor  : Using 'application/json', given [application/json] and supported [application/json, application/*+json]
2024-03-06T14:19:25.150+07:00 DEBUG 8639 --- [           main] o.s.w.s.m.m.a.HttpEntityMethodProcessor  : Writing [WebResponse(data=null, error=Token Expiried, paging=null)]
2024-03-06T14:19:25.152+07:00 DEBUG 8639 --- [           main] .m.m.a.ExceptionHandlerExceptionResolver : Resolved [org.springframework.web.server.ResponseStatusException: 401 UNAUTHORIZED "Token Expiried"]
2024-03-06T14:19:25.152+07:00 DEBUG 8639 --- [           main] o.s.w.f.CommonsRequestLoggingFilter      : REQUEST DATA: GET /api/user]
]]></system-out>
  </testcase>
  <testcase name="updateUserUnautorized" classname="com.kanggara.budgetin.controllers.UserControllerTest" time="0.136">
    <system-out><![CDATA[2024-03-06T14:19:25.285+07:00 DEBUG 8639 --- [           main] o.s.w.f.CommonsRequestLoggingFilter      : Before request [PATCH /api/user]
2024-03-06T14:19:25.286+07:00 DEBUG 8639 --- [           main] s.w.s.m.m.a.RequestMappingHandlerMapping : Mapped to com.kanggara.budgetin.controllers.UserController#update(UserEntity, UpdateUserRequest)
2024-03-06T14:19:25.288+07:00  INFO 8639 --- [           main] c.k.b.resolver.UserArgumentResolver      : TOKEN null
2024-03-06T14:19:25.290+07:00 DEBUG 8639 --- [           main] o.s.web.method.HandlerMethod             : Could not resolve parameter [0] in public com.kanggara.budgetin.models.WebResponse<com.kanggara.budgetin.models.UserResponse> com.kanggara.budgetin.controllers.UserController.update(com.kanggara.budgetin.entities.UserEntity,com.kanggara.budgetin.models.UpdateUserRequest): 401 UNAUTHORIZED "Unautorized"
2024-03-06T14:19:25.290+07:00 DEBUG 8639 --- [           main] .m.m.a.ExceptionHandlerExceptionResolver : Using @ExceptionHandler com.kanggara.budgetin.controllers.ErrorController#apiExecption(ResponseStatusException)
2024-03-06T14:19:25.292+07:00 DEBUG 8639 --- [           main] o.s.w.s.m.m.a.HttpEntityMethodProcessor  : Using 'application/json', given [application/json] and supported [application/json, application/*+json]
2024-03-06T14:19:25.294+07:00 DEBUG 8639 --- [           main] o.s.w.s.m.m.a.HttpEntityMethodProcessor  : Writing [WebResponse(data=null, error=Unautorized, paging=null)]
2024-03-06T14:19:25.295+07:00 DEBUG 8639 --- [           main] .m.m.a.ExceptionHandlerExceptionResolver : Resolved [org.springframework.web.server.ResponseStatusException: 401 UNAUTHORIZED "Unautorized"]
2024-03-06T14:19:25.295+07:00 DEBUG 8639 --- [           main] o.s.w.f.CommonsRequestLoggingFilter      : REQUEST DATA: PATCH /api/user]
]]></system-out>
  </testcase>
  <testcase name="testRegisterDuplicate" classname="com.kanggara.budgetin.controllers.UserControllerTest" time="1.575">
    <system-out><![CDATA[2024-03-06T14:19:25.773+07:00 DEBUG 8639 --- [           main] o.s.w.f.CommonsRequestLoggingFilter      : Before request [POST /api/register]
2024-03-06T14:19:25.774+07:00 DEBUG 8639 --- [           main] s.w.s.m.m.a.RequestMappingHandlerMapping : Mapped to com.kanggara.budgetin.controllers.UserController#register(RegisterUserRequest)
2024-03-06T14:19:25.776+07:00 DEBUG 8639 --- [           main] m.m.a.RequestResponseBodyMethodProcessor : Read "application/json;charset=UTF-8" to [RegisterUserRequest(username=test, name=Test OK, password=secrets)]
2024-03-06T14:19:25.786+07:00  INFO 8639 --- [           main] c.k.budgetin.services.UserService        : User : test
2024-03-06T14:19:26.979+07:00 DEBUG 8639 --- [           main] .m.m.a.ExceptionHandlerExceptionResolver : Using @ExceptionHandler com.kanggara.budgetin.controllers.ErrorController#apiExecption(ResponseStatusException)
2024-03-06T14:19:26.980+07:00 DEBUG 8639 --- [           main] o.s.w.s.m.m.a.HttpEntityMethodProcessor  : Using 'application/json', given [application/json] and supported [application/json, application/*+json]
2024-03-06T14:19:26.980+07:00 DEBUG 8639 --- [           main] o.s.w.s.m.m.a.HttpEntityMethodProcessor  : Writing [WebResponse(data=null, error=Username already registered, paging=null)]
2024-03-06T14:19:26.982+07:00 DEBUG 8639 --- [           main] .m.m.a.ExceptionHandlerExceptionResolver : Resolved [org.springframework.web.server.ResponseStatusException: 400 BAD_REQUEST "Username already registered"]
2024-03-06T14:19:26.983+07:00 DEBUG 8639 --- [           main] o.s.w.f.CommonsRequestLoggingFilter      : REQUEST DATA: POST /api/register, payload={"username":"test","name":"Test OK","password":"secrets"}]
]]></system-out>
  </testcase>
  <testcase name="updateUserSuccess2" classname="com.kanggara.budgetin.controllers.UserControllerTest" time="0.778">
    <system-out><![CDATA[2024-03-06T14:19:27.186+07:00 DEBUG 8639 --- [           main] o.s.w.f.CommonsRequestLoggingFilter      : Before request [PATCH /api/user]
2024-03-06T14:19:27.187+07:00 DEBUG 8639 --- [           main] s.w.s.m.m.a.RequestMappingHandlerMapping : Mapped to com.kanggara.budgetin.controllers.UserController#update(UserEntity, UpdateUserRequest)
2024-03-06T14:19:27.187+07:00  INFO 8639 --- [           main] c.k.b.resolver.UserArgumentResolver      : TOKEN token
2024-03-06T14:19:27.196+07:00  INFO 8639 --- [           main] c.k.b.resolver.UserArgumentResolver      : USER com.kanggara.budgetin.entities.UserEntity@244991f0
2024-03-06T14:19:27.198+07:00 DEBUG 8639 --- [           main] m.m.a.RequestResponseBodyMethodProcessor : Read "application/json;charset=UTF-8" to [UpdateUserRequest(name=null, password=PasswordBaru)]
2024-03-06T14:19:27.421+07:00 DEBUG 8639 --- [           main] m.m.a.RequestResponseBodyMethodProcessor : Using 'application/json', given [application/json] and supported [application/json]
2024-03-06T14:19:27.422+07:00 DEBUG 8639 --- [           main] m.m.a.RequestResponseBodyMethodProcessor : Writing [WebResponse(data=UserResponse(username=test, name=test), error=null, paging=null)]
2024-03-06T14:19:27.430+07:00 DEBUG 8639 --- [           main] o.s.w.f.CommonsRequestLoggingFilter      : REQUEST DATA: PATCH /api/user, payload={"name":null,"password":"PasswordBaru"}]
]]></system-out>
  </testcase>
  <testcase name="updateUserSuccess3" classname="com.kanggara.budgetin.controllers.UserControllerTest" time="0.285">
    <system-out><![CDATA[2024-03-06T14:19:27.990+07:00 DEBUG 8639 --- [           main] o.s.w.f.CommonsRequestLoggingFilter      : Before request [PATCH /api/user]
2024-03-06T14:19:27.990+07:00 DEBUG 8639 --- [           main] s.w.s.m.m.a.RequestMappingHandlerMapping : Mapped to com.kanggara.budgetin.controllers.UserController#update(UserEntity, UpdateUserRequest)
2024-03-06T14:19:27.991+07:00  INFO 8639 --- [           main] c.k.b.resolver.UserArgumentResolver      : TOKEN token
2024-03-06T14:19:27.998+07:00  INFO 8639 --- [           main] c.k.b.resolver.UserArgumentResolver      : USER com.kanggara.budgetin.entities.UserEntity@6bcc91ed
2024-03-06T14:19:27.999+07:00 DEBUG 8639 --- [           main] m.m.a.RequestResponseBodyMethodProcessor : Read "application/json;charset=UTF-8" to [UpdateUserRequest(name=Nama Baru, password=null)]
2024-03-06T14:19:28.013+07:00 DEBUG 8639 --- [           main] m.m.a.RequestResponseBodyMethodProcessor : Using 'application/json', given [application/json] and supported [application/json]
2024-03-06T14:19:28.013+07:00 DEBUG 8639 --- [           main] m.m.a.RequestResponseBodyMethodProcessor : Writing [WebResponse(data=UserResponse(username=test, name=Nama Baru), error=null, paging=null)]
2024-03-06T14:19:28.014+07:00 DEBUG 8639 --- [           main] o.s.w.f.CommonsRequestLoggingFilter      : REQUEST DATA: PATCH /api/user, payload={"name":"Nama Baru","password":null}]
]]></system-out>
  </testcase>
  <testcase name="updateUserNull" classname="com.kanggara.budgetin.controllers.UserControllerTest" time="0.241">
    <system-out><![CDATA[2024-03-06T14:19:28.246+07:00 DEBUG 8639 --- [           main] o.s.w.f.CommonsRequestLoggingFilter      : Before request [PATCH /api/user]
2024-03-06T14:19:28.247+07:00 DEBUG 8639 --- [           main] s.w.s.m.m.a.RequestMappingHandlerMapping : Mapped to com.kanggara.budgetin.controllers.UserController#update(UserEntity, UpdateUserRequest)
2024-03-06T14:19:28.248+07:00  INFO 8639 --- [           main] c.k.b.resolver.UserArgumentResolver      : TOKEN token
2024-03-06T14:19:28.254+07:00  INFO 8639 --- [           main] c.k.b.resolver.UserArgumentResolver      : USER com.kanggara.budgetin.entities.UserEntity@7292ffc9
2024-03-06T14:19:28.255+07:00 DEBUG 8639 --- [           main] m.m.a.RequestResponseBodyMethodProcessor : Read "application/json;charset=UTF-8" to [UpdateUserRequest(name=null, password=null)]
2024-03-06T14:19:28.264+07:00 DEBUG 8639 --- [           main] m.m.a.RequestResponseBodyMethodProcessor : Using 'application/json', given [application/json] and supported [application/json]
2024-03-06T14:19:28.264+07:00 DEBUG 8639 --- [           main] m.m.a.RequestResponseBodyMethodProcessor : Writing [WebResponse(data=UserResponse(username=test, name=test), error=null, paging=null)]
2024-03-06T14:19:28.265+07:00 DEBUG 8639 --- [           main] o.s.w.f.CommonsRequestLoggingFilter      : REQUEST DATA: PATCH /api/user, payload={"name":null,"password":null}]
]]></system-out>
  </testcase>
  <testcase name="updateUserSuccess" classname="com.kanggara.budgetin.controllers.UserControllerTest" time="0.586">
    <system-out><![CDATA[2024-03-06T14:19:28.497+07:00 DEBUG 8639 --- [           main] o.s.w.f.CommonsRequestLoggingFilter      : Before request [PATCH /api/user]
2024-03-06T14:19:28.498+07:00 DEBUG 8639 --- [           main] s.w.s.m.m.a.RequestMappingHandlerMapping : Mapped to com.kanggara.budgetin.controllers.UserController#update(UserEntity, UpdateUserRequest)
2024-03-06T14:19:28.499+07:00  INFO 8639 --- [           main] c.k.b.resolver.UserArgumentResolver      : TOKEN token
2024-03-06T14:19:28.503+07:00  INFO 8639 --- [           main] c.k.b.resolver.UserArgumentResolver      : USER com.kanggara.budgetin.entities.UserEntity@4fe0c175
2024-03-06T14:19:28.504+07:00 DEBUG 8639 --- [           main] m.m.a.RequestResponseBodyMethodProcessor : Read "application/json;charset=UTF-8" to [UpdateUserRequest(name=Nama Baru, password=PasswordBaru)]
2024-03-06T14:19:28.620+07:00 DEBUG 8639 --- [           main] m.m.a.RequestResponseBodyMethodProcessor : Using 'application/json', given [application/json] and supported [application/json]
2024-03-06T14:19:28.620+07:00 DEBUG 8639 --- [           main] m.m.a.RequestResponseBodyMethodProcessor : Writing [WebResponse(data=UserResponse(username=test, name=Nama Baru), error=null, paging=null)]
2024-03-06T14:19:28.621+07:00 DEBUG 8639 --- [           main] o.s.w.f.CommonsRequestLoggingFilter      : REQUEST DATA: PATCH /api/user, payload={"name":"Nama Baru","password":"PasswordBaru"}]
]]></system-out>
  </testcase>
  <testcase name="getUserNoToken" classname="com.kanggara.budgetin.controllers.UserControllerTest" time="0.069">
    <system-out><![CDATA[2024-03-06T14:19:28.964+07:00 DEBUG 8639 --- [           main] o.s.w.f.CommonsRequestLoggingFilter      : Before request [GET /api/user]
2024-03-06T14:19:28.965+07:00 DEBUG 8639 --- [           main] s.w.s.m.m.a.RequestMappingHandlerMapping : Mapped to com.kanggara.budgetin.controllers.UserController#get(UserEntity)
2024-03-06T14:19:28.966+07:00  INFO 8639 --- [           main] c.k.b.resolver.UserArgumentResolver      : TOKEN null
2024-03-06T14:19:28.967+07:00 DEBUG 8639 --- [           main] o.s.web.method.HandlerMethod             : Could not resolve parameter [0] in public com.kanggara.budgetin.models.WebResponse<com.kanggara.budgetin.models.UserResponse> com.kanggara.budgetin.controllers.UserController.get(com.kanggara.budgetin.entities.UserEntity): 401 UNAUTHORIZED "Unautorized"
2024-03-06T14:19:28.967+07:00 DEBUG 8639 --- [           main] .m.m.a.ExceptionHandlerExceptionResolver : Using @ExceptionHandler com.kanggara.budgetin.controllers.ErrorController#apiExecption(ResponseStatusException)
2024-03-06T14:19:28.968+07:00 DEBUG 8639 --- [           main] o.s.w.s.m.m.a.HttpEntityMethodProcessor  : Using 'application/json', given [application/json] and supported [application/json, application/*+json]
2024-03-06T14:19:28.968+07:00 DEBUG 8639 --- [           main] o.s.w.s.m.m.a.HttpEntityMethodProcessor  : Writing [WebResponse(data=null, error=Unautorized, paging=null)]
2024-03-06T14:19:28.972+07:00 DEBUG 8639 --- [           main] .m.m.a.ExceptionHandlerExceptionResolver : Resolved [org.springframework.web.server.ResponseStatusException: 401 UNAUTHORIZED "Unautorized"]
2024-03-06T14:19:28.973+07:00 DEBUG 8639 --- [           main] o.s.w.f.CommonsRequestLoggingFilter      : REQUEST DATA: GET /api/user]
]]></system-out>
  </testcase>
  <testcase name="getUserSuccess" classname="com.kanggara.budgetin.controllers.UserControllerTest" time="0.18">
    <system-out><![CDATA[2024-03-06T14:19:29.163+07:00 DEBUG 8639 --- [           main] o.s.w.f.CommonsRequestLoggingFilter      : Before request [GET /api/user]
2024-03-06T14:19:29.164+07:00 DEBUG 8639 --- [           main] s.w.s.m.m.a.RequestMappingHandlerMapping : Mapped to com.kanggara.budgetin.controllers.UserController#get(UserEntity)
2024-03-06T14:19:29.164+07:00  INFO 8639 --- [           main] c.k.b.resolver.UserArgumentResolver      : TOKEN token
2024-03-06T14:19:29.167+07:00  INFO 8639 --- [           main] c.k.b.resolver.UserArgumentResolver      : USER com.kanggara.budgetin.entities.UserEntity@1fde2f65
2024-03-06T14:19:29.168+07:00 DEBUG 8639 --- [           main] m.m.a.RequestResponseBodyMethodProcessor : Using 'application/json', given [application/json] and supported [application/json]
2024-03-06T14:19:29.168+07:00 DEBUG 8639 --- [           main] m.m.a.RequestResponseBodyMethodProcessor : Writing [WebResponse(data=UserResponse(username=test, name=test), error=null, paging=null)]
2024-03-06T14:19:29.169+07:00 DEBUG 8639 --- [           main] o.s.w.f.CommonsRequestLoggingFilter      : REQUEST DATA: GET /api/user]
]]></system-out>
  </testcase>
  <testcase name="testRegisterSuccess" classname="com.kanggara.budgetin.controllers.UserControllerTest" time="0.239">
    <system-out><![CDATA[2024-03-06T14:19:29.216+07:00 DEBUG 8639 --- [           main] o.s.w.f.CommonsRequestLoggingFilter      : Before request [POST /api/register]
2024-03-06T14:19:29.218+07:00 DEBUG 8639 --- [           main] s.w.s.m.m.a.RequestMappingHandlerMapping : Mapped to com.kanggara.budgetin.controllers.UserController#register(RegisterUserRequest)
2024-03-06T14:19:29.219+07:00 DEBUG 8639 --- [           main] m.m.a.RequestResponseBodyMethodProcessor : Read "application/json;charset=UTF-8" to [RegisterUserRequest(username=test, name=Test OK, password=secrets)]
2024-03-06T14:19:29.236+07:00  INFO 8639 --- [           main] c.k.budgetin.services.UserService        : User : test
2024-03-06T14:19:29.409+07:00 DEBUG 8639 --- [           main] m.m.a.RequestResponseBodyMethodProcessor : Using 'application/json', given [application/json] and supported [application/json]
2024-03-06T14:19:29.410+07:00 DEBUG 8639 --- [           main] m.m.a.RequestResponseBodyMethodProcessor : Writing [WebResponse(data=OK, error=null, paging=null)]
2024-03-06T14:19:29.413+07:00 DEBUG 8639 --- [           main] o.s.w.f.CommonsRequestLoggingFilter      : REQUEST DATA: POST /api/register, payload={"username":"test","name":"Test OK","password":"secrets"}]
]]></system-out>
  </testcase>
</testsuite>